Base path: 'D:/UnityDownLoad/2021.1.19f1/Editor/Data', plugins path 'D:/UnityDownLoad/2021.1.19f1/Editor/Data/PlaybackEngines'
Cmd: initializeCompiler

Cmd: compileSnippet
  insize=3027 file=Assets/SoftEffects/Shaders/SoftEffects/SoftShaderSpriteWithShadows pass=Shadow Pass cachingPP=1 ppOnly=0 stripLineD=0 buildPlatform=9 rsLen=0 pKW=UNITY_NO_DXT5nm UNITY_ENABLE_REFLECTION_BUFFERS UNITY_NO_SCREENSPACE_SHADOWS UNITY_PBS_USE_BRDF2 SHADER_API_DESKTOP UNITY_HARDWARE_TIER3 UNITY_COLORSPACE_GAMMA UNITY_LIGHTMAP_DLDR_ENCODING uKW=_SHAD_ON dKW=PIXELSNAP_ON ETC1_EXTERNAL_ALPHA _SHAD_OFF INSTANCING_ON UNITY_ENABLE_NATIVE_SHADOW_LOOKUPS UNITY_METAL_SHADOWS_USE_POINT_FILTERING UNITY_USE_DITHER_MASK_FOR_ALPHABLENDED_SHADOWS UNITY_PBS_USE_BRDF1 UNITY_PBS_USE_BRDF3 UNITY_NO_FULL_STANDARD_SHADER UNITY_SPECCUBE_BOX_PROJECTION UNITY_SPECCUBE_BLENDING UNITY_ENABLE_DETAIL_NORMALMAP UNITY_HARDWARE_TIER1 UNITY_HARDWARE_TIER2 UNITY_LIGHT_PROBE_PROXY_VOLUME UNITY_HALF_PRECISION_FRAGMENT_SHADER_REGISTERS UNITY_LIGHTMAP_RGBM_ENCODING UNITY_LIGHTMAP_FULL_HDR UNITY_VIRTUAL_TEXTURING UNITY_PRETRANSFORM_TO_DISPLAY_ORIENTATION UNITY_ASTC_NORMALMAP_ENCODING SHADER_API_GLES30 flags=0 lang=0 type=Vertex platform=d3d11 reqs=1 mask=6 start=52 ok=1 outsize=862

Cmd: compileSnippet
  insize=1644 file=Assets/SoftEffects/Shaders/SoftEffects/SoftShaderSpriteWithShadows pass=Default cachingPP=1 ppOnly=0 stripLineD=0 buildPlatform=9 rsLen=0 pKW=UNITY_NO_DXT5nm UNITY_ENABLE_REFLECTION_BUFFERS UNITY_NO_SCREENSPACE_SHADOWS UNITY_PBS_USE_BRDF2 SHADER_API_DESKTOP UNITY_HARDWARE_TIER3 UNITY_COLORSPACE_GAMMA UNITY_LIGHTMAP_DLDR_ENCODING uKW= dKW=UNITY_UI_ALPHACLIP UNITY_ENABLE_NATIVE_SHADOW_LOOKUPS UNITY_METAL_SHADOWS_USE_POINT_FILTERING UNITY_USE_DITHER_MASK_FOR_ALPHABLENDED_SHADOWS UNITY_PBS_USE_BRDF1 UNITY_PBS_USE_BRDF3 UNITY_NO_FULL_STANDARD_SHADER UNITY_SPECCUBE_BOX_PROJECTION UNITY_SPECCUBE_BLENDING UNITY_ENABLE_DETAIL_NORMALMAP UNITY_HARDWARE_TIER1 UNITY_HARDWARE_TIER2 UNITY_LIGHT_PROBE_PROXY_VOLUME UNITY_HALF_PRECISION_FRAGMENT_SHADER_REGISTERS UNITY_LIGHTMAP_RGBM_ENCODING UNITY_LIGHTMAP_FULL_HDR UNITY_VIRTUAL_TEXTURING UNITY_PRETRANSFORM_TO_DISPLAY_ORIENTATION UNITY_ASTC_NORMALMAP_ENCODING SHADER_API_GLES30 flags=0 lang=0 type=Vertex platform=d3d11 reqs=1 mask=6 start=166 ok=1 outsize=866

Cmd: compileSnippet
  insize=1768 file=Assets/SoftEffects/Shaders/SoftEffects/SoftShaderFontWithShadows pass=Default cachingPP=1 ppOnly=0 stripLineD=0 buildPlatform=9 rsLen=0 pKW=UNITY_NO_DXT5nm UNITY_ENABLE_REFLECTION_BUFFERS UNITY_NO_SCREENSPACE_SHADOWS UNITY_PBS_USE_BRDF2 SHADER_API_DESKTOP UNITY_HARDWARE_TIER3 UNITY_COLORSPACE_GAMMA UNITY_LIGHTMAP_DLDR_ENCODING uKW= dKW=UNITY_UI_ALPHACLIP UNITY_ENABLE_NATIVE_SHADOW_LOOKUPS UNITY_METAL_SHADOWS_USE_POINT_FILTERING UNITY_USE_DITHER_MASK_FOR_ALPHABLENDED_SHADOWS UNITY_PBS_USE_BRDF1 UNITY_PBS_USE_BRDF3 UNITY_NO_FULL_STANDARD_SHADER UNITY_SPECCUBE_BOX_PROJECTION UNITY_SPECCUBE_BLENDING UNITY_ENABLE_DETAIL_NORMALMAP UNITY_HARDWARE_TIER1 UNITY_HARDWARE_TIER2 UNITY_LIGHT_PROBE_PROXY_VOLUME UNITY_HALF_PRECISION_FRAGMENT_SHADER_REGISTERS UNITY_LIGHTMAP_RGBM_ENCODING UNITY_LIGHTMAP_FULL_HDR UNITY_VIRTUAL_TEXTURING UNITY_PRETRANSFORM_TO_DISPLAY_ORIENTATION UNITY_ASTC_NORMALMAP_ENCODING SHADER_API_GLES30 flags=0 lang=0 type=Vertex platform=d3d11 reqs=1 mask=6 start=137 ok=1 outsize=866

Cmd: compileSnippet
  insize=3093 file=Assets/SoftEffects/Shaders/SoftEffects/SoftEditShader pass=Shadow Pass cachingPP=1 ppOnly=0 stripLineD=0 buildPlatform=9 rsLen=0 pKW=UNITY_NO_DXT5nm UNITY_ENABLE_REFLECTION_BUFFERS UNITY_NO_SCREENSPACE_SHADOWS UNITY_PBS_USE_BRDF2 SHADER_API_DESKTOP UNITY_HARDWARE_TIER3 UNITY_COLORSPACE_GAMMA UNITY_LIGHTMAP_DLDR_ENCODING uKW=_SHAD_ON dKW=PIXELSNAP_ON ETC1_EXTERNAL_ALPHA _SHAD_OFF INSTANCING_ON UNITY_ENABLE_NATIVE_SHADOW_LOOKUPS UNITY_METAL_SHADOWS_USE_POINT_FILTERING UNITY_USE_DITHER_MASK_FOR_ALPHABLENDED_SHADOWS UNITY_PBS_USE_BRDF1 UNITY_PBS_USE_BRDF3 UNITY_NO_FULL_STANDARD_SHADER UNITY_SPECCUBE_BOX_PROJECTION UNITY_SPECCUBE_BLENDING UNITY_ENABLE_DETAIL_NORMALMAP UNITY_HARDWARE_TIER1 UNITY_HARDWARE_TIER2 UNITY_LIGHT_PROBE_PROXY_VOLUME UNITY_HALF_PRECISION_FRAGMENT_SHADER_REGISTERS UNITY_LIGHTMAP_RGBM_ENCODING UNITY_LIGHTMAP_FULL_HDR UNITY_VIRTUAL_TEXTURING UNITY_PRETRANSFORM_TO_DISPLAY_ORIENTATION UNITY_ASTC_NORMALMAP_ENCODING SHADER_API_GLES30 flags=0 lang=0 type=Vertex platform=d3d11 reqs=1 mask=6 start=57 ok=1 outsize=862

Cmd: compileSnippet
  insize=1789 file=Assets/SoftEffects/Shaders/SoftEffects/SoftEditShader pass=Default cachingPP=1 ppOnly=0 stripLineD=0 buildPlatform=9 rsLen=0 pKW=UNITY_NO_DXT5nm UNITY_ENABLE_REFLECTION_BUFFERS UNITY_NO_SCREENSPACE_SHADOWS UNITY_PBS_USE_BRDF2 SHADER_API_DESKTOP UNITY_HARDWARE_TIER3 UNITY_COLORSPACE_GAMMA UNITY_LIGHTMAP_DLDR_ENCODING uKW= dKW=UNITY_UI_ALPHACLIP UNITY_ENABLE_NATIVE_SHADOW_LOOKUPS UNITY_METAL_SHADOWS_USE_POINT_FILTERING UNITY_USE_DITHER_MASK_FOR_ALPHABLENDED_SHADOWS UNITY_PBS_USE_BRDF1 UNITY_PBS_USE_BRDF3 UNITY_NO_FULL_STANDARD_SHADER UNITY_SPECCUBE_BOX_PROJECTION UNITY_SPECCUBE_BLENDING UNITY_ENABLE_DETAIL_NORMALMAP UNITY_HARDWARE_TIER1 UNITY_HARDWARE_TIER2 UNITY_LIGHT_PROBE_PROXY_VOLUME UNITY_HALF_PRECISION_FRAGMENT_SHADER_REGISTERS UNITY_LIGHTMAP_RGBM_ENCODING UNITY_LIGHTMAP_FULL_HDR UNITY_VIRTUAL_TEXTURING UNITY_PRETRANSFORM_TO_DISPLAY_ORIENTATION UNITY_ASTC_NORMALMAP_ENCODING SHADER_API_GLES30 flags=0 lang=0 type=Fragment platform=d3d11 reqs=1 mask=6 start=175 ok=1 outsize=430

Cmd: compileComputeKernel
  insize=106333 file=N:/Unity Projects/mobile/Block Escape/Assets/SoftEffects/Shaders/SoftEffectsCompute.compute kernel=CSDistBufferToStroke cachingPP=1 ppOnly=0 stripLineD=0 buildPlatform=9 km=<UNITY_VERSION=202119> pKW=UNITY_NO_DXT5nm UNITY_ENABLE_REFLECTION_BUFFERS UNITY_NO_SCREENSPACE_SHADOWS UNITY_PBS_USE_BRDF2 UNITY_COLORSPACE_GAMMA UNITY_LIGHTMAP_DLDR_ENCODING uKW=SHADER_STAGE_COMPUTE platform=d3d11 flags=0 reqs=16385 forceDXC=0 forceFXC=0  error: 1 plat 4 at SoftEffectsCompute.compute(674): implicit truncation of vector type
  error: 1 plat 4 at SoftEffectsCompute.compute(722): implicit truncation of vector type
  error: 1 plat 4 at SoftEffectsCompute.compute(769): implicit truncation of vector type
  error: 1 plat 4 at SoftEffectsCompute.compute(817): implicit truncation of vector type
 ok=1 outsize=1293

Cmd: compileComputeKernel
  insize=106333 file=N:/Unity Projects/mobile/Block Escape/Assets/SoftEffects/Shaders/SoftEffectsCompute.compute kernel=CSDistMAAFloat cachingPP=1 ppOnly=0 stripLineD=0 buildPlatform=9 km=<UNITY_VERSION=202119> pKW=UNITY_NO_DXT5nm UNITY_ENABLE_REFLECTION_BUFFERS UNITY_NO_SCREENSPACE_SHADOWS UNITY_PBS_USE_BRDF2 UNITY_COLORSPACE_GAMMA UNITY_LIGHTMAP_DLDR_ENCODING uKW=SHADER_STAGE_COMPUTE platform=d3d11 flags=0 reqs=16385 forceDXC=0 forceFXC=0  error: 1 plat 4 at SoftEffectsCompute.compute(674): implicit truncation of vector type
  error: 1 plat 4 at SoftEffectsCompute.compute(722): implicit truncation of vector type
  error: 1 plat 4 at SoftEffectsCompute.compute(769): implicit truncation of vector type
  error: 1 plat 4 at SoftEffectsCompute.compute(817): implicit truncation of vector type
 ok=1 outsize=1664

Cmd: compileComputeKernel
  insize=106333 file=N:/Unity Projects/mobile/Block Escape/Assets/SoftEffects/Shaders/SoftEffectsCompute.compute kernel=CSDistME cachingPP=1 ppOnly=0 stripLineD=0 buildPlatform=9 km=<UNITY_VERSION=202119> pKW=UNITY_NO_DXT5nm UNITY_ENABLE_REFLECTION_BUFFERS UNITY_NO_SCREENSPACE_SHADOWS UNITY_PBS_USE_BRDF2 UNITY_COLORSPACE_GAMMA UNITY_LIGHTMAP_DLDR_ENCODING uKW=SHADER_STAGE_COMPUTE platform=d3d11 flags=0 reqs=16385 forceDXC=0 forceFXC=0  error: 1 plat 4 at SoftEffectsCompute.compute(674): implicit truncation of vector type
  error: 1 plat 4 at SoftEffectsCompute.compute(722): implicit truncation of vector type
  error: 1 plat 4 at SoftEffectsCompute.compute(769): implicit truncation of vector type
  error: 1 plat 4 at SoftEffectsCompute.compute(817): implicit truncation of vector type
  error: 1 plat 4 at SoftEffectsCompute.compute(2356): integer divides may be much slower, try using uints if possible.
 ok=1 outsize=3184

Cmd: compileComputeKernel
  insize=106333 file=N:/Unity Projects/mobile/Block Escape/Assets/SoftEffects/Shaders/SoftEffectsCompute.compute kernel=CSCosineMap cachingPP=1 ppOnly=0 stripLineD=0 buildPlatform=9 km=<UNITY_VERSION=202119> pKW=UNITY_NO_DXT5nm UNITY_ENABLE_REFLECTION_BUFFERS UNITY_NO_SCREENSPACE_SHADOWS UNITY_PBS_USE_BRDF2 UNITY_COLORSPACE_GAMMA UNITY_LIGHTMAP_DLDR_ENCODING uKW=SHADER_STAGE_COMPUTE platform=d3d11 flags=0 reqs=16385 forceDXC=0 forceFXC=0  error: 1 plat 4 at SoftEffectsCompute.compute(674): implicit truncation of vector type
  error: 1 plat 4 at SoftEffectsCompute.compute(722): implicit truncation of vector type
  error: 1 plat 4 at SoftEffectsCompute.compute(769): implicit truncation of vector type
  error: 1 plat 4 at SoftEffectsCompute.compute(817): implicit truncation of vector type
 ok=1 outsize=1370

Cmd: compileComputeKernel
  insize=106333 file=N:/Unity Projects/mobile/Block Escape/Assets/SoftEffects/Shaders/SoftEffectsCompute.compute kernel=CSBoxBlurPass cachingPP=1 ppOnly=0 stripLineD=0 buildPlatform=9 km=<UNITY_VERSION=202119> pKW=UNITY_NO_DXT5nm UNITY_ENABLE_REFLECTION_BUFFERS UNITY_NO_SCREENSPACE_SHADOWS UNITY_PBS_USE_BRDF2 UNITY_COLORSPACE_GAMMA UNITY_LIGHTMAP_DLDR_ENCODING uKW=SHADER_STAGE_COMPUTE platform=d3d11 flags=0 reqs=16385 forceDXC=0 forceFXC=0  error: 1 plat 4 at SoftEffectsCompute.compute(674): implicit truncation of vector type
  error: 1 plat 4 at SoftEffectsCompute.compute(722): implicit truncation of vector type
  error: 1 plat 4 at SoftEffectsCompute.compute(769): implicit truncation of vector type
  error: 1 plat 4 at SoftEffectsCompute.compute(817): implicit truncation of vector type
 ok=1 outsize=1629

Cmd: compileComputeKernel
  insize=106333 file=N:/Unity Projects/mobile/Block Escape/Assets/SoftEffects/Shaders/SoftEffectsCompute.compute kernel=CSVerBlur8_BUF cachingPP=1 ppOnly=0 stripLineD=0 buildPlatform=9 km=<UNITY_VERSION=202119> pKW=UNITY_NO_DXT5nm UNITY_ENABLE_REFLECTION_BUFFERS UNITY_NO_SCREENSPACE_SHADOWS UNITY_PBS_USE_BRDF2 UNITY_COLORSPACE_GAMMA UNITY_LIGHTMAP_DLDR_ENCODING uKW=SHADER_STAGE_COMPUTE platform=d3d11 flags=0 reqs=16385 forceDXC=0 forceFXC=0  error: 1 plat 4 at SoftEffectsCompute.compute(674): implicit truncation of vector type
  error: 1 plat 4 at SoftEffectsCompute.compute(722): implicit truncation of vector type
  error: 1 plat 4 at SoftEffectsCompute.compute(769): implicit truncation of vector type
  error: 1 plat 4 at SoftEffectsCompute.compute(817): implicit truncation of vector type
 ok=1 outsize=1478

Cmd: compileComputeKernel
  insize=106333 file=N:/Unity Projects/mobile/Block Escape/Assets/SoftEffects/Shaders/SoftEffectsCompute.compute kernel=CSVerBlur16_BUF cachingPP=1 ppOnly=0 stripLineD=0 buildPlatform=9 km=<UNITY_VERSION=202119> pKW=UNITY_NO_DXT5nm UNITY_ENABLE_REFLECTION_BUFFERS UNITY_NO_SCREENSPACE_SHADOWS UNITY_PBS_USE_BRDF2 UNITY_COLORSPACE_GAMMA UNITY_LIGHTMAP_DLDR_ENCODING uKW=SHADER_STAGE_COMPUTE platform=d3d11 flags=0 reqs=16385 forceDXC=0 forceFXC=0  error: 1 plat 4 at SoftEffectsCompute.compute(674): implicit truncation of vector type
  error: 1 plat 4 at SoftEffectsCompute.compute(722): implicit truncation of vector type
  error: 1 plat 4 at SoftEffectsCompute.compute(769): implicit truncation of vector type
  error: 1 plat 4 at SoftEffectsCompute.compute(817): implicit truncation of vector type
 ok=1 outsize=1479

Cmd: compileComputeKernel
  insize=106333 file=N:/Unity Projects/mobile/Block Escape/Assets/SoftEffects/Shaders/SoftEffectsCompute.compute kernel=CSVerBlur30_BUF cachingPP=1 ppOnly=0 stripLineD=0 buildPlatform=9 km=<UNITY_VERSION=202119> pKW=UNITY_NO_DXT5nm UNITY_ENABLE_REFLECTION_BUFFERS UNITY_NO_SCREENSPACE_SHADOWS UNITY_PBS_USE_BRDF2 UNITY_COLORSPACE_GAMMA UNITY_LIGHTMAP_DLDR_ENCODING uKW=SHADER_STAGE_COMPUTE platform=d3d11 flags=0 reqs=16385 forceDXC=0 forceFXC=0  error: 1 plat 4 at SoftEffectsCompute.compute(674): implicit truncation of vector type
  error: 1 plat 4 at SoftEffectsCompute.compute(722): implicit truncation of vector type
  error: 1 plat 4 at SoftEffectsCompute.compute(769): implicit truncation of vector type
  error: 1 plat 4 at SoftEffectsCompute.compute(817): implicit truncation of vector type
 ok=1 outsize=1507

Cmd: compileComputeKernel
  insize=106333 file=N:/Unity Projects/mobile/Block Escape/Assets/SoftEffects/Shaders/SoftEffectsCompute.compute kernel=CSVerBlur250_BUF cachingPP=1 ppOnly=0 stripLineD=0 buildPlatform=9 km=<UNITY_VERSION=202119> pKW=UNITY_NO_DXT5nm UNITY_ENABLE_REFLECTION_BUFFERS UNITY_NO_SCREENSPACE_SHADOWS UNITY_PBS_USE_BRDF2 UNITY_COLORSPACE_GAMMA UNITY_LIGHTMAP_DLDR_ENCODING uKW=SHADER_STAGE_COMPUTE platform=d3d11 flags=0 reqs=16385 forceDXC=0 forceFXC=0  error: 1 plat 4 at SoftEffectsCompute.compute(674): implicit truncation of vector type
  error: 1 plat 4 at SoftEffectsCompute.compute(722): implicit truncation of vector type
  error: 1 plat 4 at SoftEffectsCompute.compute(769): implicit truncation of vector type
  error: 1 plat 4 at SoftEffectsCompute.compute(817): implicit truncation of vector type
 ok=1 outsize=1501

Cmd: compileComputeKernel
  insize=106333 file=N:/Unity Projects/mobile/Block Escape/Assets/SoftEffects/Shaders/SoftEffectsCompute.compute kernel=CSAdd_R8 cachingPP=1 ppOnly=0 stripLineD=0 buildPlatform=9 km=<UNITY_VERSION=202119> pKW=UNITY_NO_DXT5nm UNITY_ENABLE_REFLECTION_BUFFERS UNITY_NO_SCREENSPACE_SHADOWS UNITY_PBS_USE_BRDF2 UNITY_COLORSPACE_GAMMA UNITY_LIGHTMAP_DLDR_ENCODING uKW=SHADER_STAGE_COMPUTE platform=d3d11 flags=0 reqs=16385 forceDXC=0 forceFXC=0  error: 1 plat 4 at SoftEffectsCompute.compute(674): implicit truncation of vector type
  error: 1 plat 4 at SoftEffectsCompute.compute(722): implicit truncation of vector type
  error: 1 plat 4 at SoftEffectsCompute.compute(769): implicit truncation of vector type
  error: 1 plat 4 at SoftEffectsCompute.compute(817): implicit truncation of vector type
 ok=1 outsize=544

Cmd: compileComputeKernel
  insize=106333 file=N:/Unity Projects/mobile/Block Escape/Assets/SoftEffects/Shaders/SoftEffectsCompute.compute kernel=CSDistBufferToStroke_R8 cachingPP=1 ppOnly=0 stripLineD=0 buildPlatform=9 km=<UNITY_VERSION=202119> pKW=UNITY_NO_DXT5nm UNITY_ENABLE_REFLECTION_BUFFERS UNITY_NO_SCREENSPACE_SHADOWS UNITY_PBS_USE_BRDF2 UNITY_COLORSPACE_GAMMA UNITY_LIGHTMAP_DLDR_ENCODING uKW=SHADER_STAGE_COMPUTE platform=d3d11 flags=0 reqs=16385 forceDXC=0 forceFXC=0  error: 1 plat 4 at SoftEffectsCompute.compute(674): implicit truncation of vector type
  error: 1 plat 4 at SoftEffectsCompute.compute(722): implicit truncation of vector type
  error: 1 plat 4 at SoftEffectsCompute.compute(769): implicit truncation of vector type
  error: 1 plat 4 at SoftEffectsCompute.compute(817): implicit truncation of vector type
 ok=1 outsize=1213

Cmd: compileComputeKernel
  insize=106333 file=N:/Unity Projects/mobile/Block Escape/Assets/SoftEffects/Shaders/SoftEffectsCompute.compute kernel=CSBoxBlurPass_R8 cachingPP=1 ppOnly=0 stripLineD=0 buildPlatform=9 km=<UNITY_VERSION=202119> pKW=UNITY_NO_DXT5nm UNITY_ENABLE_REFLECTION_BUFFERS UNITY_NO_SCREENSPACE_SHADOWS UNITY_PBS_USE_BRDF2 UNITY_COLORSPACE_GAMMA UNITY_LIGHTMAP_DLDR_ENCODING uKW=SHADER_STAGE_COMPUTE platform=d3d11 flags=0 reqs=16385 forceDXC=0 forceFXC=0  error: 1 plat 4 at SoftEffectsCompute.compute(674): implicit truncation of vector type
  error: 1 plat 4 at SoftEffectsCompute.compute(722): implicit truncation of vector type
  error: 1 plat 4 at SoftEffectsCompute.compute(769): implicit truncation of vector type
  error: 1 plat 4 at SoftEffectsCompute.compute(817): implicit truncation of vector type
 ok=1 outsize=1621

Cmd: compileComputeKernel
  insize=106333 file=N:/Unity Projects/mobile/Block Escape/Assets/SoftEffects/Shaders/SoftEffectsCompute.compute kernel=CSDistMEAAFloatSigned cachingPP=1 ppOnly=0 stripLineD=0 buildPlatform=9 km=<UNITY_VERSION=202119> pKW=UNITY_NO_DXT5nm UNITY_ENABLE_REFLECTION_BUFFERS UNITY_NO_SCREENSPACE_SHADOWS UNITY_PBS_USE_BRDF2 UNITY_COLORSPACE_GAMMA UNITY_LIGHTMAP_DLDR_ENCODING uKW=SHADER_STAGE_COMPUTE platform=d3d11 flags=0 reqs=16385 forceDXC=0 forceFXC=0  error: 1 plat 4 at SoftEffectsCompute.compute(674): implicit truncation of vector type
  error: 1 plat 4 at SoftEffectsCompute.compute(722): implicit truncation of vector type
  error: 1 plat 4 at SoftEffectsCompute.compute(769): implicit truncation of vector type
  error: 1 plat 4 at SoftEffectsCompute.compute(817): implicit truncation of vector type
  error: 1 plat 4 at SoftEffectsCompute.compute(3196): integer divides may be much slower, try using uints if possible.
 ok=1 outsize=3780

Cmd: compileComputeKernel
  insize=106333 file=N:/Unity Projects/mobile/Block Escape/Assets/SoftEffects/Shaders/SoftEffectsCompute.compute kernel=CSInverse_R8FromAlpha cachingPP=1 ppOnly=0 stripLineD=0 buildPlatform=9 km=<UNITY_VERSION=202119> pKW=UNITY_NO_DXT5nm UNITY_ENABLE_REFLECTION_BUFFERS UNITY_NO_SCREENSPACE_SHADOWS UNITY_PBS_USE_BRDF2 UNITY_COLORSPACE_GAMMA UNITY_LIGHTMAP_DLDR_ENCODING uKW=SHADER_STAGE_COMPUTE platform=d3d11 flags=0 reqs=16385 forceDXC=0 forceFXC=0  error: 1 plat 4 at SoftEffectsCompute.compute(674): implicit truncation of vector type
  error: 1 plat 4 at SoftEffectsCompute.compute(722): implicit truncation of vector type
  error: 1 plat 4 at SoftEffectsCompute.compute(769): implicit truncation of vector type
  error: 1 plat 4 at SoftEffectsCompute.compute(817): implicit truncation of vector type
 ok=1 outsize=482

Cmd: compileComputeKernel
  insize=106333 file=N:/Unity Projects/mobile/Block Escape/Assets/SoftEffects/Shaders/SoftEffectsCompute.compute kernel=CSDistBufferToOuterGlowSoft_R8 cachingPP=1 ppOnly=0 stripLineD=0 buildPlatform=9 km=<UNITY_VERSION=202119> pKW=UNITY_NO_DXT5nm UNITY_ENABLE_REFLECTION_BUFFERS UNITY_NO_SCREENSPACE_SHADOWS UNITY_PBS_USE_BRDF2 UNITY_COLORSPACE_GAMMA UNITY_LIGHTMAP_DLDR_ENCODING uKW=SHADER_STAGE_COMPUTE platform=d3d11 flags=0 reqs=16385 forceDXC=0 forceFXC=0  error: 1 plat 4 at SoftEffectsCompute.compute(674): implicit truncation of vector type
  error: 1 plat 4 at SoftEffectsCompute.compute(722): implicit truncation of vector type
  error: 1 plat 4 at SoftEffectsCompute.compute(769): implicit truncation of vector type
  error: 1 plat 4 at SoftEffectsCompute.compute(817): implicit truncation of vector type
 ok=1 outsize=1003

Cmd: compileComputeKernel
  insize=106333 file=N:/Unity Projects/mobile/Block Escape/Assets/SoftEffects/Shaders/SoftEffectsCompute.compute kernel=CSHorBlur250_R8 cachingPP=1 ppOnly=0 stripLineD=0 buildPlatform=9 km=<UNITY_VERSION=202119> pKW=UNITY_NO_DXT5nm UNITY_ENABLE_REFLECTION_BUFFERS UNITY_NO_SCREENSPACE_SHADOWS UNITY_PBS_USE_BRDF2 UNITY_COLORSPACE_GAMMA UNITY_LIGHTMAP_DLDR_ENCODING uKW=SHADER_STAGE_COMPUTE platform=d3d11 flags=0 reqs=16385 forceDXC=0 forceFXC=0  error: 1 plat 4 at SoftEffectsCompute.compute(674): implicit truncation of vector type
  error: 1 plat 4 at SoftEffectsCompute.compute(722): implicit truncation of vector type
  error: 1 plat 4 at SoftEffectsCompute.compute(769): implicit truncation of vector type
  error: 1 plat 4 at SoftEffectsCompute.compute(817): implicit truncation of vector type
 ok=1 outsize=1351

Cmd: compileComputeKernel
  insize=106333 file=N:/Unity Projects/mobile/Block Escape/Assets/SoftEffects/Shaders/SoftEffectsCompute.compute kernel=CSVerBlur_R8 cachingPP=1 ppOnly=0 stripLineD=0 buildPlatform=9 km=<UNITY_VERSION=202119> pKW=UNITY_NO_DXT5nm UNITY_ENABLE_REFLECTION_BUFFERS UNITY_NO_SCREENSPACE_SHADOWS UNITY_PBS_USE_BRDF2 UNITY_COLORSPACE_GAMMA UNITY_LIGHTMAP_DLDR_ENCODING uKW=SHADER_STAGE_COMPUTE platform=d3d11 flags=0 reqs=16385 forceDXC=0 forceFXC=0  error: 1 plat 4 at SoftEffectsCompute.compute(674): implicit truncation of vector type
  error: 1 plat 4 at SoftEffectsCompute.compute(722): implicit truncation of vector type
  error: 1 plat 4 at SoftEffectsCompute.compute(769): implicit truncation of vector type
  error: 1 plat 4 at SoftEffectsCompute.compute(817): implicit truncation of vector type
 ok=1 outsize=1432

Cmd: compileComputeKernel
  insize=106333 file=N:/Unity Projects/mobile/Block Escape/Assets/SoftEffects/Shaders/SoftEffectsCompute.compute kernel=CSSubstrFloatBuffers cachingPP=1 ppOnly=0 stripLineD=0 buildPlatform=9 km=<UNITY_VERSION=202119> pKW=UNITY_NO_DXT5nm UNITY_ENABLE_REFLECTION_BUFFERS UNITY_NO_SCREENSPACE_SHADOWS UNITY_PBS_USE_BRDF2 UNITY_COLORSPACE_GAMMA UNITY_LIGHTMAP_DLDR_ENCODING uKW=SHADER_STAGE_COMPUTE platform=d3d11 flags=0 reqs=16385 forceDXC=0 forceFXC=0  error: 1 plat 4 at SoftEffectsCompute.compute(674): implicit truncation of vector type
  error: 1 plat 4 at SoftEffectsCompute.compute(722): implicit truncation of vector type
  error: 1 plat 4 at SoftEffectsCompute.compute(769): implicit truncation of vector type
  error: 1 plat 4 at SoftEffectsCompute.compute(817): implicit truncation of vector type
 ok=1 outsize=620

Cmd: compileComputeKernel
  insize=106333 file=N:/Unity Projects/mobile/Block Escape/Assets/SoftEffects/Shaders/SoftEffectsCompute.compute kernel=CSInverse cachingPP=1 ppOnly=0 stripLineD=0 buildPlatform=9 km=<UNITY_VERSION=202119> pKW=UNITY_NO_DXT5nm UNITY_ENABLE_REFLECTION_BUFFERS UNITY_NO_SCREENSPACE_SHADOWS UNITY_PBS_USE_BRDF2 UNITY_COLORSPACE_GAMMA UNITY_LIGHTMAP_DLDR_ENCODING uKW=SHADER_STAGE_COMPUTE platform=d3d11 flags=0 reqs=16385 forceDXC=0 forceFXC=0  error: 1 plat 4 at SoftEffectsCompute.compute(674): implicit truncation of vector type
  error: 1 plat 4 at SoftEffectsCompute.compute(722): implicit truncation of vector type
  error: 1 plat 4 at SoftEffectsCompute.compute(769): implicit truncation of vector type
  error: 1 plat 4 at SoftEffectsCompute.compute(817): implicit truncation of vector type
 ok=1 outsize=481

Cmd: compileComputeKernel
  insize=106333 file=N:/Unity Projects/mobile/Block Escape/Assets/SoftEffects/Shaders/SoftEffectsCompute.compute kernel=CSFullCopy cachingPP=1 ppOnly=0 stripLineD=0 buildPlatform=9 km=<UNITY_VERSION=202119> pKW=UNITY_NO_DXT5nm UNITY_ENABLE_REFLECTION_BUFFERS UNITY_NO_SCREENSPACE_SHADOWS UNITY_PBS_USE_BRDF2 UNITY_COLORSPACE_GAMMA UNITY_LIGHTMAP_DLDR_ENCODING uKW=SHADER_STAGE_COMPUTE platform=d3d11 flags=0 reqs=16385 forceDXC=0 forceFXC=0  error: 1 plat 4 at SoftEffectsCompute.compute(674): implicit truncation of vector type
  error: 1 plat 4 at SoftEffectsCompute.compute(722): implicit truncation of vector type
  error: 1 plat 4 at SoftEffectsCompute.compute(769): implicit truncation of vector type
  error: 1 plat 4 at SoftEffectsCompute.compute(817): implicit truncation of vector type
 ok=1 outsize=2160

Cmd: compileComputeKernel
  insize=106333 file=N:/Unity Projects/mobile/Block Escape/Assets/SoftEffects/Shaders/SoftEffectsCompute.compute kernel=NormalizeF2 cachingPP=1 ppOnly=0 stripLineD=0 buildPlatform=9 km=<UNITY_VERSION=202119> pKW=UNITY_NO_DXT5nm UNITY_NO_RGBM UNITY_ENABLE_REFLECTION_BUFFERS UNITY_FRAMEBUFFER_FETCH_AVAILABLE UNITY_NO_SCREENSPACE_SHADOWS UNITY_PBS_USE_BRDF2 SHADER_API_MOBILE UNITY_COLORSPACE_GAMMA UNITY_LIGHTMAP_DLDR_ENCODING uKW=SHADER_STAGE_COMPUTE platform=metal flags=268439552 reqs=16385 forceDXC=0 forceFXC=0  error: 1 plat 14 at SoftEffectsCompute.compute(674): implicit truncation of vector type
  error: 1 plat 14 at SoftEffectsCompute.compute(722): implicit truncation of vector type
  error: 1 plat 14 at SoftEffectsCompute.compute(769): implicit truncation of vector type
  error: 1 plat 14 at SoftEffectsCompute.compute(817): implicit truncation of vector type
 ok=1 outsize=1836

Cmd: compileComputeKernel
  insize=106333 file=N:/Unity Projects/mobile/Block Escape/Assets/SoftEffects/Shaders/SoftEffectsCompute.compute kernel=NormalizeF cachingPP=1 ppOnly=0 stripLineD=0 buildPlatform=9 km=<UNITY_VERSION=202119> pKW=UNITY_NO_DXT5nm UNITY_NO_RGBM UNITY_ENABLE_REFLECTION_BUFFERS UNITY_FRAMEBUFFER_FETCH_AVAILABLE UNITY_NO_SCREENSPACE_SHADOWS UNITY_PBS_USE_BRDF2 SHADER_API_MOBILE UNITY_COLORSPACE_GAMMA UNITY_LIGHTMAP_DLDR_ENCODING uKW=SHADER_STAGE_COMPUTE platform=metal flags=268439552 reqs=16385 forceDXC=0 forceFXC=0  error: 1 plat 14 at SoftEffectsCompute.compute(674): implicit truncation of vector type
  error: 1 plat 14 at SoftEffectsCompute.compute(722): implicit truncation of vector type
  error: 1 plat 14 at SoftEffectsCompute.compute(769): implicit truncation of vector type
  error: 1 plat 14 at SoftEffectsCompute.compute(817): implicit truncation of vector type
 ok=1 outsize=1645

Cmd: compileComputeKernel
  insize=106333 file=N:/Unity Projects/mobile/Block Escape/Assets/SoftEffects/Shaders/SoftEffectsCompute.compute kernel=CSDistMAAFloat cachingPP=1 ppOnly=0 stripLineD=0 buildPlatform=9 km=<UNITY_VERSION=202119> pKW=UNITY_NO_DXT5nm UNITY_NO_RGBM UNITY_ENABLE_REFLECTION_BUFFERS UNITY_FRAMEBUFFER_FETCH_AVAILABLE UNITY_NO_SCREENSPACE_SHADOWS UNITY_PBS_USE_BRDF2 SHADER_API_MOBILE UNITY_COLORSPACE_GAMMA UNITY_LIGHTMAP_DLDR_ENCODING uKW=SHADER_STAGE_COMPUTE platform=metal flags=268439552 reqs=16385 forceDXC=0 forceFXC=0  error: 1 plat 14 at SoftEffectsCompute.compute(674): implicit truncation of vector type
  error: 1 plat 14 at SoftEffectsCompute.compute(722): implicit truncation of vector type
  error: 1 plat 14 at SoftEffectsCompute.compute(769): implicit truncation of vector type
  error: 1 plat 14 at SoftEffectsCompute.compute(817): implicit truncation of vector type
 ok=1 outsize=3204

Cmd: compileComputeKernel
  insize=106333 file=N:/Unity Projects/mobile/Block Escape/Assets/SoftEffects/Shaders/SoftEffectsCompute.compute kernel=CSDistMESigned cachingPP=1 ppOnly=0 stripLineD=0 buildPlatform=9 km=<UNITY_VERSION=202119> pKW=UNITY_NO_DXT5nm UNITY_NO_RGBM UNITY_ENABLE_REFLECTION_BUFFERS UNITY_FRAMEBUFFER_FETCH_AVAILABLE UNITY_NO_SCREENSPACE_SHADOWS UNITY_PBS_USE_BRDF2 SHADER_API_MOBILE UNITY_COLORSPACE_GAMMA UNITY_LIGHTMAP_DLDR_ENCODING uKW=SHADER_STAGE_COMPUTE platform=metal flags=268439552 reqs=16385 forceDXC=0 forceFXC=0  error: 1 plat 14 at SoftEffectsCompute.compute(674): implicit truncation of vector type
  error: 1 plat 14 at SoftEffectsCompute.compute(722): implicit truncation of vector type
  error: 1 plat 14 at SoftEffectsCompute.compute(769): implicit truncation of vector type
  error: 1 plat 14 at SoftEffectsCompute.compute(817): implicit truncation of vector type
  error: 1 plat 14 at SoftEffectsCompute.compute(2356): integer divides may be much slower, try using uints if possible.
 ok=1 outsize=6451

Cmd: compileComputeKernel
  insize=106333 file=N:/Unity Projects/mobile/Block Escape/Assets/SoftEffects/Shaders/SoftEffectsCompute.compute kernel=CSDistM cachingPP=1 ppOnly=0 stripLineD=0 buildPlatform=9 km=<UNITY_VERSION=202119> pKW=UNITY_NO_DXT5nm UNITY_NO_RGBM UNITY_ENABLE_REFLECTION_BUFFERS UNITY_FRAMEBUFFER_FETCH_AVAILABLE UNITY_NO_SCREENSPACE_SHADOWS UNITY_PBS_USE_BRDF2 SHADER_API_MOBILE UNITY_COLORSPACE_GAMMA UNITY_LIGHTMAP_DLDR_ENCODING uKW=SHADER_STAGE_COMPUTE platform=metal flags=268439552 reqs=16385 forceDXC=0 forceFXC=0  error: 1 plat 14 at SoftEffectsCompute.compute(674): implicit truncation of vector type
  error: 1 plat 14 at SoftEffectsCompute.compute(722): implicit truncation of vector type
  error: 1 plat 14 at SoftEffectsCompute.compute(769): implicit truncation of vector type
  error: 1 plat 14 at SoftEffectsCompute.compute(817): implicit truncation of vector type
 ok=1 outsize=2552

Cmd: compileComputeKernel
  insize=106333 file=N:/Unity Projects/mobile/Block Escape/Assets/SoftEffects/Shaders/SoftEffectsCompute.compute kernel=CSCosineMap cachingPP=1 ppOnly=0 stripLineD=0 buildPlatform=9 km=<UNITY_VERSION=202119> pKW=UNITY_NO_DXT5nm UNITY_NO_RGBM UNITY_ENABLE_REFLECTION_BUFFERS UNITY_FRAMEBUFFER_FETCH_AVAILABLE UNITY_NO_SCREENSPACE_SHADOWS UNITY_PBS_USE_BRDF2 SHADER_API_MOBILE UNITY_COLORSPACE_GAMMA UNITY_LIGHTMAP_DLDR_ENCODING uKW=SHADER_STAGE_COMPUTE platform=metal flags=268439552 reqs=16385 forceDXC=0 forceFXC=0  error: 1 plat 14 at SoftEffectsCompute.compute(674): implicit truncation of vector type
  error: 1 plat 14 at SoftEffectsCompute.compute(722): implicit truncation of vector type
  error: 1 plat 14 at SoftEffectsCompute.compute(769): implicit truncation of vector type
  error: 1 plat 14 at SoftEffectsCompute.compute(817): implicit truncation of vector type
 ok=1 outsize=2566

Cmd: compileComputeKernel
  insize=106333 file=N:/Unity Projects/mobile/Block Escape/Assets/SoftEffects/Shaders/SoftEffectsCompute.compute kernel=CSBoxBlurPass cachingPP=1 ppOnly=0 stripLineD=0 buildPlatform=9 km=<UNITY_VERSION=202119> pKW=UNITY_NO_DXT5nm UNITY_NO_RGBM UNITY_ENABLE_REFLECTION_BUFFERS UNITY_FRAMEBUFFER_FETCH_AVAILABLE UNITY_NO_SCREENSPACE_SHADOWS UNITY_PBS_USE_BRDF2 SHADER_API_MOBILE UNITY_COLORSPACE_GAMMA UNITY_LIGHTMAP_DLDR_ENCODING uKW=SHADER_STAGE_COMPUTE platform=metal flags=268439552 reqs=16385 forceDXC=0 forceFXC=0  error: 1 plat 14 at SoftEffectsCompute.compute(674): implicit truncation of vector type
  error: 1 plat 14 at SoftEffectsCompute.compute(722): implicit truncation of vector type
  error: 1 plat 14 at SoftEffectsCompute.compute(769): implicit truncation of vector type
  error: 1 plat 14 at SoftEffectsCompute.compute(817): implicit truncation of vector type
 ok=1 outsize=2888

Cmd: compileComputeKernel
  insize=106333 file=N:/Unity Projects/mobile/Block Escape/Assets/SoftEffects/Shaders/SoftEffectsCompute.compute kernel=CSVerBlur8_BUF cachingPP=1 ppOnly=0 stripLineD=0 buildPlatform=9 km=<UNITY_VERSION=202119> pKW=UNITY_NO_DXT5nm UNITY_NO_RGBM UNITY_ENABLE_REFLECTION_BUFFERS UNITY_FRAMEBUFFER_FETCH_AVAILABLE UNITY_NO_SCREENSPACE_SHADOWS UNITY_PBS_USE_BRDF2 SHADER_API_MOBILE UNITY_COLORSPACE_GAMMA UNITY_LIGHTMAP_DLDR_ENCODING uKW=SHADER_STAGE_COMPUTE platform=metal flags=268439552 reqs=16385 forceDXC=0 forceFXC=0  error: 1 plat 14 at SoftEffectsCompute.compute(674): implicit truncation of vector type
  error: 1 plat 14 at SoftEffectsCompute.compute(722): implicit truncation of vector type
  error: 1 plat 14 at SoftEffectsCompute.compute(769): implicit truncation of vector type
  error: 1 plat 14 at SoftEffectsCompute.compute(817): implicit truncation of vector type
 ok=1 outsize=2993

Cmd: compileComputeKernel
  insize=106333 file=N:/Unity Projects/mobile/Block Escape/Assets/SoftEffects/Shaders/SoftEffectsCompute.compute kernel=CSVerBlur16_BUF cachingPP=1 ppOnly=0 stripLineD=0 buildPlatform=9 km=<UNITY_VERSION=202119> pKW=UNITY_NO_DXT5nm UNITY_NO_RGBM UNITY_ENABLE_REFLECTION_BUFFERS UNITY_FRAMEBUFFER_FETCH_AVAILABLE UNITY_NO_SCREENSPACE_SHADOWS UNITY_PBS_USE_BRDF2 SHADER_API_MOBILE UNITY_COLORSPACE_GAMMA UNITY_LIGHTMAP_DLDR_ENCODING uKW=SHADER_STAGE_COMPUTE platform=metal flags=268439552 reqs=16385 forceDXC=0 forceFXC=0  error: 1 plat 14 at SoftEffectsCompute.compute(674): implicit truncation of vector type
  error: 1 plat 14 at SoftEffectsCompute.compute(722): implicit truncation of vector type
  error: 1 plat 14 at SoftEffectsCompute.compute(769): implicit truncation of vector type
  error: 1 plat 14 at SoftEffectsCompute.compute(817): implicit truncation of vector type
 ok=1 outsize=2998

Cmd: compileComputeKernel
  insize=106333 file=N:/Unity Projects/mobile/Block Escape/Assets/SoftEffects/Shaders/SoftEffectsCompute.compute kernel=CSVerBlur30_BUF cachingPP=1 ppOnly=0 stripLineD=0 buildPlatform=9 km=<UNITY_VERSION=202119> pKW=UNITY_NO_DXT5nm UNITY_NO_RGBM UNITY_ENABLE_REFLECTION_BUFFERS UNITY_FRAMEBUFFER_FETCH_AVAILABLE UNITY_NO_SCREENSPACE_SHADOWS UNITY_PBS_USE_BRDF2 SHADER_API_MOBILE UNITY_COLORSPACE_GAMMA UNITY_LIGHTMAP_DLDR_ENCODING uKW=SHADER_STAGE_COMPUTE platform=metal flags=268439552 reqs=16385 forceDXC=0 forceFXC=0  error: 1 plat 14 at SoftEffectsCompute.compute(674): implicit truncation of vector type
  error: 1 plat 14 at SoftEffectsCompute.compute(722): implicit truncation of vector type
  error: 1 plat 14 at SoftEffectsCompute.compute(769): implicit truncation of vector type
  error: 1 plat 14 at SoftEffectsCompute.compute(817): implicit truncation of vector type
 ok=1 outsize=3033

Cmd: compileComputeKernel
  insize=106333 file=N:/Unity Projects/mobile/Block Escape/Assets/SoftEffects/Shaders/SoftEffectsCompute.compute kernel=CSVerBlur250_BUF cachingPP=1 ppOnly=0 stripLineD=0 buildPlatform=9 km=<UNITY_VERSION=202119> pKW=UNITY_NO_DXT5nm UNITY_NO_RGBM UNITY_ENABLE_REFLECTION_BUFFERS UNITY_FRAMEBUFFER_FETCH_AVAILABLE UNITY_NO_SCREENSPACE_SHADOWS UNITY_PBS_USE_BRDF2 SHADER_API_MOBILE UNITY_COLORSPACE_GAMMA UNITY_LIGHTMAP_DLDR_ENCODING uKW=SHADER_STAGE_COMPUTE platform=metal flags=268439552 reqs=16385 forceDXC=0 forceFXC=0  error: 1 plat 14 at SoftEffectsCompute.compute(674): implicit truncation of vector type
  error: 1 plat 14 at SoftEffectsCompute.compute(722): implicit truncation of vector type
  error: 1 plat 14 at SoftEffectsCompute.compute(769): implicit truncation of vector type
  error: 1 plat 14 at SoftEffectsCompute.compute(817): implicit truncation of vector type
 ok=1 outsize=2988

Cmd: compileComputeKernel
  insize=106333 file=N:/Unity Projects/mobile/Block Escape/Assets/SoftEffects/Shaders/SoftEffectsCompute.compute kernel=CSAdd_R8 cachingPP=1 ppOnly=0 stripLineD=0 buildPlatform=9 km=<UNITY_VERSION=202119> pKW=UNITY_NO_DXT5nm UNITY_NO_RGBM UNITY_ENABLE_REFLECTION_BUFFERS UNITY_FRAMEBUFFER_FETCH_AVAILABLE UNITY_NO_SCREENSPACE_SHADOWS UNITY_PBS_USE_BRDF2 SHADER_API_MOBILE UNITY_COLORSPACE_GAMMA UNITY_LIGHTMAP_DLDR_ENCODING uKW=SHADER_STAGE_COMPUTE platform=metal flags=268439552 reqs=16385 forceDXC=0 forceFXC=0  error: 1 plat 14 at SoftEffectsCompute.compute(674): implicit truncation of vector type
  error: 1 plat 14 at SoftEffectsCompute.compute(722): implicit truncation of vector type
  error: 1 plat 14 at SoftEffectsCompute.compute(769): implicit truncation of vector type
  error: 1 plat 14 at SoftEffectsCompute.compute(817): implicit truncation of vector type
 ok=1 outsize=979

Cmd: compileComputeKernel
  insize=106333 file=N:/Unity Projects/mobile/Block Escape/Assets/SoftEffects/Shaders/SoftEffectsCompute.compute kernel=CSDistBufferToStroke_R8 cachingPP=1 ppOnly=0 stripLineD=0 buildPlatform=9 km=<UNITY_VERSION=202119> pKW=UNITY_NO_DXT5nm UNITY_NO_RGBM UNITY_ENABLE_REFLECTION_BUFFERS UNITY_FRAMEBUFFER_FETCH_AVAILABLE UNITY_NO_SCREENSPACE_SHADOWS UNITY_PBS_USE_BRDF2 SHADER_API_MOBILE UNITY_COLORSPACE_GAMMA UNITY_LIGHTMAP_DLDR_ENCODING uKW=SHADER_STAGE_COMPUTE platform=metal flags=268439552 reqs=16385 forceDXC=0 forceFXC=0  error: 1 plat 14 at SoftEffectsCompute.compute(674): implicit truncation of vector type
  error: 1 plat 14 at SoftEffectsCompute.compute(722): implicit truncation of vector type
  error: 1 plat 14 at SoftEffectsCompute.compute(769): implicit truncation of vector type
  error: 1 plat 14 at SoftEffectsCompute.compute(817): implicit truncation of vector type
 ok=1 outsize=2187

Cmd: compileComputeKernel
  insize=106333 file=N:/Unity Projects/mobile/Block Escape/Assets/SoftEffects/Shaders/SoftEffectsCompute.compute kernel=CSBoxBlurPass_R8 cachingPP=1 ppOnly=0 stripLineD=0 buildPlatform=9 km=<UNITY_VERSION=202119> pKW=UNITY_NO_DXT5nm UNITY_NO_RGBM UNITY_ENABLE_REFLECTION_BUFFERS UNITY_FRAMEBUFFER_FETCH_AVAILABLE UNITY_NO_SCREENSPACE_SHADOWS UNITY_PBS_USE_BRDF2 SHADER_API_MOBILE UNITY_COLORSPACE_GAMMA UNITY_LIGHTMAP_DLDR_ENCODING uKW=SHADER_STAGE_COMPUTE platform=metal flags=268439552 reqs=16385 forceDXC=0 forceFXC=0  error: 1 plat 14 at SoftEffectsCompute.compute(674): implicit truncation of vector type
  error: 1 plat 14 at SoftEffectsCompute.compute(722): implicit truncation of vector type
  error: 1 plat 14 at SoftEffectsCompute.compute(769): implicit truncation of vector type
  error: 1 plat 14 at SoftEffectsCompute.compute(817): implicit truncation of vector type
 ok=1 outsize=2774

Cmd: compileComputeKernel
  insize=106333 file=N:/Unity Projects/mobile/Block Escape/Assets/SoftEffects/Shaders/SoftEffectsCompute.compute kernel=CSDistMEAAFloatSigned cachingPP=1 ppOnly=0 stripLineD=0 buildPlatform=9 km=<UNITY_VERSION=202119> pKW=UNITY_NO_DXT5nm UNITY_NO_RGBM UNITY_ENABLE_REFLECTION_BUFFERS UNITY_FRAMEBUFFER_FETCH_AVAILABLE UNITY_NO_SCREENSPACE_SHADOWS UNITY_PBS_USE_BRDF2 SHADER_API_MOBILE UNITY_COLORSPACE_GAMMA UNITY_LIGHTMAP_DLDR_ENCODING uKW=SHADER_STAGE_COMPUTE platform=metal flags=268439552 reqs=16385 forceDXC=0 forceFXC=0  error: 1 plat 14 at SoftEffectsCompute.compute(674): implicit truncation of vector type
  error: 1 plat 14 at SoftEffectsCompute.compute(722): implicit truncation of vector type
  error: 1 plat 14 at SoftEffectsCompute.compute(769): implicit truncation of vector type
  error: 1 plat 14 at SoftEffectsCompute.compute(817): implicit truncation of vector type
  error: 1 plat 14 at SoftEffectsCompute.compute(3196): integer divides may be much slower, try using uints if possible.
 ok=1 outsize=7568

Cmd: compileComputeKernel
  insize=106333 file=N:/Unity Projects/mobile/Block Escape/Assets/SoftEffects/Shaders/SoftEffectsCompute.compute kernel=CSDistMAAFloat_R8 cachingPP=1 ppOnly=0 stripLineD=0 buildPlatform=9 km=<UNITY_VERSION=202119> pKW=UNITY_NO_DXT5nm UNITY_NO_RGBM UNITY_ENABLE_REFLECTION_BUFFERS UNITY_FRAMEBUFFER_FETCH_AVAILABLE UNITY_NO_SCREENSPACE_SHADOWS UNITY_PBS_USE_BRDF2 SHADER_API_MOBILE UNITY_COLORSPACE_GAMMA UNITY_LIGHTMAP_DLDR_ENCODING uKW=SHADER_STAGE_COMPUTE platform=metal flags=268439552 reqs=16385 forceDXC=0 forceFXC=0  error: 1 plat 14 at SoftEffectsCompute.compute(674): implicit truncation of vector type
  error: 1 plat 14 at SoftEffectsCompute.compute(722): implicit truncation of vector type
  error: 1 plat 14 at SoftEffectsCompute.compute(769): implicit truncation of vector type
  error: 1 plat 14 at SoftEffectsCompute.compute(817): implicit truncation of vector type
 ok=1 outsize=3597

Cmd: compileComputeKernel
  insize=106333 file=N:/Unity Projects/mobile/Block Escape/Assets/SoftEffects/Shaders/SoftEffectsCompute.compute kernel=CSDistBufferToInnerGlowPrec_R8 cachingPP=1 ppOnly=0 stripLineD=0 buildPlatform=9 km=<UNITY_VERSION=202119> pKW=UNITY_NO_DXT5nm UNITY_NO_RGBM UNITY_ENABLE_REFLECTION_BUFFERS UNITY_FRAMEBUFFER_FETCH_AVAILABLE UNITY_NO_SCREENSPACE_SHADOWS UNITY_PBS_USE_BRDF2 SHADER_API_MOBILE UNITY_COLORSPACE_GAMMA UNITY_LIGHTMAP_DLDR_ENCODING uKW=SHADER_STAGE_COMPUTE platform=metal flags=268439552 reqs=16385 forceDXC=0 forceFXC=0  error: 1 plat 14 at SoftEffectsCompute.compute(674): implicit truncation of vector type
  error: 1 plat 14 at SoftEffectsCompute.compute(722): implicit truncation of vector type
  error: 1 plat 14 at SoftEffectsCompute.compute(769): implicit truncation of vector type
  error: 1 plat 14 at SoftEffectsCompute.compute(817): implicit truncation of vector type
 ok=1 outsize=3225

Cmd: compileComputeKernel
  insize=106333 file=N:/Unity Projects/mobile/Block Escape/Assets/SoftEffects/Shaders/SoftEffectsCompute.compute kernel=CSDistBufferToOuterGlowPrec_R8 cachingPP=1 ppOnly=0 stripLineD=0 buildPlatform=9 km=<UNITY_VERSION=202119> pKW=UNITY_NO_DXT5nm UNITY_NO_RGBM UNITY_ENABLE_REFLECTION_BUFFERS UNITY_FRAMEBUFFER_FETCH_AVAILABLE UNITY_NO_SCREENSPACE_SHADOWS UNITY_PBS_USE_BRDF2 SHADER_API_MOBILE UNITY_COLORSPACE_GAMMA UNITY_LIGHTMAP_DLDR_ENCODING uKW=SHADER_STAGE_COMPUTE platform=metal flags=268439552 reqs=16385 forceDXC=0 forceFXC=0  error: 1 plat 14 at SoftEffectsCompute.compute(674): implicit truncation of vector type
  error: 1 plat 14 at SoftEffectsCompute.compute(722): implicit truncation of vector type
  error: 1 plat 14 at SoftEffectsCompute.compute(769): implicit truncation of vector type
  error: 1 plat 14 at SoftEffectsCompute.compute(817): implicit truncation of vector type
 ok=1 outsize=2547

Cmd: compileComputeKernel
  insize=106333 file=N:/Unity Projects/mobile/Block Escape/Assets/SoftEffects/Shaders/SoftEffectsCompute.compute kernel=CSVerBlur250_R8 cachingPP=1 ppOnly=0 stripLineD=0 buildPlatform=9 km=<UNITY_VERSION=202119> pKW=UNITY_NO_DXT5nm UNITY_NO_RGBM UNITY_ENABLE_REFLECTION_BUFFERS UNITY_FRAMEBUFFER_FETCH_AVAILABLE UNITY_NO_SCREENSPACE_SHADOWS UNITY_PBS_USE_BRDF2 SHADER_API_MOBILE UNITY_COLORSPACE_GAMMA UNITY_LIGHTMAP_DLDR_ENCODING uKW=SHADER_STAGE_COMPUTE platform=metal flags=268439552 reqs=16385 forceDXC=0 forceFXC=0  error: 1 plat 14 at SoftEffectsCompute.compute(674): implicit truncation of vector type
  error: 1 plat 14 at SoftEffectsCompute.compute(722): implicit truncation of vector type
  error: 1 plat 14 at SoftEffectsCompute.compute(769): implicit truncation of vector type
  error: 1 plat 14 at SoftEffectsCompute.compute(817): implicit truncation of vector type
 ok=1 outsize=2734

Cmd: compileComputeKernel
  insize=106333 file=N:/Unity Projects/mobile/Block Escape/Assets/SoftEffects/Shaders/SoftEffectsCompute.compute kernel=CSSepBevelCutOut cachingPP=1 ppOnly=0 stripLineD=0 buildPlatform=9 km=<UNITY_VERSION=202119> pKW=UNITY_NO_DXT5nm UNITY_NO_RGBM UNITY_ENABLE_REFLECTION_BUFFERS UNITY_FRAMEBUFFER_FETCH_AVAILABLE UNITY_NO_SCREENSPACE_SHADOWS UNITY_PBS_USE_BRDF2 SHADER_API_MOBILE UNITY_COLORSPACE_GAMMA UNITY_LIGHTMAP_DLDR_ENCODING uKW=SHADER_STAGE_COMPUTE platform=metal flags=268439552 reqs=16385 forceDXC=0 forceFXC=0  error: 1 plat 14 at SoftEffectsCompute.compute(674): implicit truncation of vector type
  error: 1 plat 14 at SoftEffectsCompute.compute(722): implicit truncation of vector type
  error: 1 plat 14 at SoftEffectsCompute.compute(769): implicit truncation of vector type
  error: 1 plat 14 at SoftEffectsCompute.compute(817): implicit truncation of vector type
 ok=1 outsize=2020

Cmd: compileComputeKernel
  insize=106333 file=N:/Unity Projects/mobile/Block Escape/Assets/SoftEffects/Shaders/SoftEffectsCompute.compute kernel=CSHorBlur cachingPP=1 ppOnly=0 stripLineD=0 buildPlatform=9 km=<UNITY_VERSION=202119> pKW=UNITY_NO_DXT5nm UNITY_NO_RGBM UNITY_ENABLE_REFLECTION_BUFFERS UNITY_FRAMEBUFFER_FETCH_AVAILABLE UNITY_NO_SCREENSPACE_SHADOWS UNITY_PBS_USE_BRDF2 SHADER_API_MOBILE UNITY_COLORSPACE_GAMMA UNITY_LIGHTMAP_DLDR_ENCODING uKW=SHADER_STAGE_COMPUTE platform=metal flags=268439552 reqs=16385 forceDXC=0 forceFXC=0  error: 1 plat 14 at SoftEffectsCompute.compute(674): implicit truncation of vector type
  error: 1 plat 14 at SoftEffectsCompute.compute(722): implicit truncation of vector type
  error: 1 plat 14 at SoftEffectsCompute.compute(769): implicit truncation of vector type
  error: 1 plat 14 at SoftEffectsCompute.compute(817): implicit truncation of vector type
 ok=1 outsize=3837

Cmd: compileComputeKernel
  insize=106333 file=N:/Unity Projects/mobile/Block Escape/Assets/SoftEffects/Shaders/SoftEffectsCompute.compute kernel=CSInverse cachingPP=1 ppOnly=0 stripLineD=0 buildPlatform=9 km=<UNITY_VERSION=202119> pKW=UNITY_NO_DXT5nm UNITY_NO_RGBM UNITY_ENABLE_REFLECTION_BUFFERS UNITY_FRAMEBUFFER_FETCH_AVAILABLE UNITY_NO_SCREENSPACE_SHADOWS UNITY_PBS_USE_BRDF2 SHADER_API_MOBILE UNITY_COLORSPACE_GAMMA UNITY_LIGHTMAP_DLDR_ENCODING uKW=SHADER_STAGE_COMPUTE platform=metal flags=268439552 reqs=16385 forceDXC=0 forceFXC=0  error: 1 plat 14 at SoftEffectsCompute.compute(674): implicit truncation of vector type
  error: 1 plat 14 at SoftEffectsCompute.compute(722): implicit truncation of vector type
  error: 1 plat 14 at SoftEffectsCompute.compute(769): implicit truncation of vector type
  error: 1 plat 14 at SoftEffectsCompute.compute(817): implicit truncation of vector type
 ok=1 outsize=777

Cmd: compileComputeKernel
  insize=106333 file=N:/Unity Projects/mobile/Block Escape/Assets/SoftEffects/Shaders/SoftEffectsCompute.compute kernel=CSMask cachingPP=1 ppOnly=0 stripLineD=0 buildPlatform=9 km=<UNITY_VERSION=202119> pKW=UNITY_NO_DXT5nm UNITY_NO_RGBM UNITY_ENABLE_REFLECTION_BUFFERS UNITY_FRAMEBUFFER_FETCH_AVAILABLE UNITY_NO_SCREENSPACE_SHADOWS UNITY_PBS_USE_BRDF2 SHADER_API_MOBILE UNITY_COLORSPACE_GAMMA UNITY_LIGHTMAP_DLDR_ENCODING uKW=SHADER_STAGE_COMPUTE platform=metal flags=268439552 reqs=16385 forceDXC=0 forceFXC=0  error: 1 plat 14 at SoftEffectsCompute.compute(674): implicit truncation of vector type
  error: 1 plat 14 at SoftEffectsCompute.compute(722): implicit truncation of vector type
  error: 1 plat 14 at SoftEffectsCompute.compute(769): implicit truncation of vector type
  error: 1 plat 14 at SoftEffectsCompute.compute(817): implicit truncation of vector type
 ok=1 outsize=1144

Cmd: compileComputeKernel
  insize=106333 file=N:/Unity Projects/mobile/Block Escape/Assets/SoftEffects/Shaders/SoftEffectsCompute.compute kernel=CSCombiner cachingPP=1 ppOnly=0 stripLineD=0 buildPlatform=9 km=<UNITY_VERSION=202119> pKW=UNITY_NO_DXT5nm UNITY_NO_RGBM UNITY_ENABLE_REFLECTION_BUFFERS UNITY_FRAMEBUFFER_FETCH_AVAILABLE UNITY_NO_SCREENSPACE_SHADOWS UNITY_PBS_USE_BRDF2 SHADER_API_MOBILE UNITY_COLORSPACE_GAMMA UNITY_LIGHTMAP_DLDR_ENCODING uKW=SHADER_STAGE_COMPUTE platform=metal flags=268439552 reqs=16385 forceDXC=0 forceFXC=0  error: 2 plat 14 at (0): HLSLcc: Metal shading language does not support buffer size query from shader. Pass the size to shader as const instead.

  error: 1 plat 14 at SoftEffectsCompute.compute(674): implicit truncation of vector type
  error: 1 plat 14 at SoftEffectsCompute.compute(722): implicit truncation of vector type
  error: 1 plat 14 at SoftEffectsCompute.compute(769): implicit truncation of vector type
  error: 1 plat 14 at SoftEffectsCompute.compute(817): implicit truncation of vector type
  error: 1 plat 14 at SoftEffectsCompute.compute(891): use of potentially uninitialized variable (normalpha_cut)
 ok=0 outsize=0

Cmd: compileSnippet
  insize=1590 file=Assets/DefaultResourcesExtra/Standard pass=DEFERRED cachingPP=1 ppOnly=0 stripLineD=0 buildPlatform=9 rsLen=0 pKW=UNITY_NO_DXT5nm UNITY_ENABLE_REFLECTION_BUFFERS UNITY_NO_SCREENSPACE_SHADOWS UNITY_PBS_USE_BRDF2 SHADER_API_DESKTOP UNITY_HARDWARE_TIER3 UNITY_COLORSPACE_GAMMA UNITY_LIGHTMAP_DLDR_ENCODING UNITY_PASS_DEFERRED uKW=_EMISSION dKW=INSTANCING_ON _NORMALMAP _ALPHATEST_ON _ALPHABLEND_ON _ALPHAPREMULTIPLY_ON _METALLICGLOSSMAP _SMOOTHNESS_TEXTURE_ALBEDO_CHANNEL_A _SPECULARHIGHLIGHTS_OFF _DETAIL_MULX2 _PARALLAXMAP LIGHTPROBE_SH DYNAMICLIGHTMAP_ON SHADOWS_SHADOWMASK LIGHTMAP_ON DIRLIGHTMAP_COMBINED UNITY_HDR_ON UNITY_ENABLE_NATIVE_SHADOW_LOOKUPS UNITY_METAL_SHADOWS_USE_POINT_FILTERING UNITY_USE_DITHER_MASK_FOR_ALPHABLENDED_SHADOWS UNITY_PBS_USE_BRDF1 UNITY_PBS_USE_BRDF3 UNITY_NO_FULL_STANDARD_SHADER UNITY_SPECCUBE_BOX_PROJECTION UNITY_SPECCUBE_BLENDING UNITY_ENABLE_DETAIL_NORMALMAP UNITY_HARDWARE_TIER1 UNITY_HARDWARE_TIER2 UNITY_LIGHT_PROBE_PROXY_VOLUME UNITY_HALF_PRECISION_FRAGMENT_SHADER_REGISTERS UNITY_LIGHTMAP_RGBM_ENCODING UNITY_LIGHTMAP_FULL_HDR UNITY_VIRTUAL_TEXTURING UNITY_PRETRANSFORM_TO_DISPLAY_ORIENTATION UNITY_ASTC_NORMALMAP_ENCODING SHADER_API_GLES30 flags=0 lang=0 type=Fragment platform=d3d11 reqs=227 mask=6 start=168 ok=1 outsize=1262

Cmd: compileSnippet
  insize=5800 file=Assets/TextMesh Pro/Shaders/TextMeshPro/Mobile/Distance Field pass=<Unnamed Pass> cachingPP=1 ppOnly=0 stripLineD=0 buildPlatform=9 rsLen=0 pKW=UNITY_NO_DXT5nm UNITY_ENABLE_REFLECTION_BUFFERS UNITY_NO_SCREENSPACE_SHADOWS UNITY_PBS_USE_BRDF2 SHADER_API_DESKTOP UNITY_HARDWARE_TIER3 UNITY_COLORSPACE_GAMMA UNITY_LIGHTMAP_DLDR_ENCODING uKW=OUTLINE_ON UNDERLAY_ON dKW=UNDERLAY_INNER UNITY_UI_CLIP_RECT UNITY_UI_ALPHACLIP UNITY_ENABLE_NATIVE_SHADOW_LOOKUPS UNITY_METAL_SHADOWS_USE_POINT_FILTERING UNITY_USE_DITHER_MASK_FOR_ALPHABLENDED_SHADOWS UNITY_PBS_USE_BRDF1 UNITY_PBS_USE_BRDF3 UNITY_NO_FULL_STANDARD_SHADER UNITY_SPECCUBE_BOX_PROJECTION UNITY_SPECCUBE_BLENDING UNITY_ENABLE_DETAIL_NORMALMAP UNITY_HARDWARE_TIER1 UNITY_HARDWARE_TIER2 UNITY_LIGHT_PROBE_PROXY_VOLUME UNITY_HALF_PRECISION_FRAGMENT_SHADER_REGISTERS UNITY_LIGHTMAP_RGBM_ENCODING UNITY_LIGHTMAP_FULL_HDR UNITY_VIRTUAL_TEXTURING UNITY_PRETRANSFORM_TO_DISPLAY_ORIENTATION UNITY_ASTC_NORMALMAP_ENCODING SHADER_API_GLES30 flags=0 lang=0 type=Fragment platform=d3d11 reqs=33 mask=6 start=83 ok=1 outsize=966

Cmd: compileSnippet
  insize=5800 file=Assets/TextMesh Pro/Shaders/TextMeshPro/Mobile/Distance Field pass=<Unnamed Pass> cachingPP=1 ppOnly=0 stripLineD=0 buildPlatform=9 rsLen=0 pKW=UNITY_NO_DXT5nm UNITY_ENABLE_REFLECTION_BUFFERS UNITY_NO_SCREENSPACE_SHADOWS UNITY_PBS_USE_BRDF2 SHADER_API_DESKTOP UNITY_HARDWARE_TIER3 UNITY_COLORSPACE_GAMMA UNITY_LIGHTMAP_DLDR_ENCODING uKW=OUTLINE_ON dKW=UNDERLAY_ON UNDERLAY_INNER UNITY_UI_CLIP_RECT UNITY_UI_ALPHACLIP UNITY_ENABLE_NATIVE_SHADOW_LOOKUPS UNITY_METAL_SHADOWS_USE_POINT_FILTERING UNITY_USE_DITHER_MASK_FOR_ALPHABLENDED_SHADOWS UNITY_PBS_USE_BRDF1 UNITY_PBS_USE_BRDF3 UNITY_NO_FULL_STANDARD_SHADER UNITY_SPECCUBE_BOX_PROJECTION UNITY_SPECCUBE_BLENDING UNITY_ENABLE_DETAIL_NORMALMAP UNITY_HARDWARE_TIER1 UNITY_HARDWARE_TIER2 UNITY_LIGHT_PROBE_PROXY_VOLUME UNITY_HALF_PRECISION_FRAGMENT_SHADER_REGISTERS UNITY_LIGHTMAP_RGBM_ENCODING UNITY_LIGHTMAP_FULL_HDR UNITY_VIRTUAL_TEXTURING UNITY_PRETRANSFORM_TO_DISPLAY_ORIENTATION UNITY_ASTC_NORMALMAP_ENCODING SHADER_API_GLES30 flags=0 lang=0 type=Fragment platform=d3d11 reqs=33 mask=6 start=83 ok=1 outsize=610

Cmd: compileSnippet
  insize=1590 file=Assets/DefaultResourcesExtra/Standard pass=DEFERRED cachingPP=1 ppOnly=0 stripLineD=0 buildPlatform=9 rsLen=0 pKW=UNITY_NO_DXT5nm UNITY_ENABLE_REFLECTION_BUFFERS UNITY_NO_SCREENSPACE_SHADOWS UNITY_PBS_USE_BRDF2 SHADER_API_DESKTOP UNITY_HARDWARE_TIER3 UNITY_COLORSPACE_GAMMA UNITY_LIGHTMAP_DLDR_ENCODING UNITY_PASS_DEFERRED uKW=_ALPHABLEND_ON dKW=INSTANCING_ON _NORMALMAP _ALPHATEST_ON _ALPHAPREMULTIPLY_ON _METALLICGLOSSMAP _PARALLAXMAP LIGHTPROBE_SH DYNAMICLIGHTMAP_ON SHADOWS_SHADOWMASK LIGHTMAP_ON DIRLIGHTMAP_COMBINED UNITY_HDR_ON UNITY_ENABLE_NATIVE_SHADOW_LOOKUPS UNITY_METAL_SHADOWS_USE_POINT_FILTERING UNITY_USE_DITHER_MASK_FOR_ALPHABLENDED_SHADOWS UNITY_PBS_USE_BRDF1 UNITY_PBS_USE_BRDF3 UNITY_NO_FULL_STANDARD_SHADER UNITY_SPECCUBE_BOX_PROJECTION UNITY_SPECCUBE_BLENDING UNITY_ENABLE_DETAIL_NORMALMAP UNITY_HARDWARE_TIER1 UNITY_HARDWARE_TIER2 UNITY_LIGHT_PROBE_PROXY_VOLUME UNITY_HALF_PRECISION_FRAGMENT_SHADER_REGISTERS UNITY_LIGHTMAP_RGBM_ENCODING UNITY_LIGHTMAP_FULL_HDR UNITY_VIRTUAL_TEXTURING UNITY_PRETRANSFORM_TO_DISPLAY_ORIENTATION UNITY_ASTC_NORMALMAP_ENCODING SHADER_API_GLES30 flags=0 lang=0 type=Vertex platform=d3d11 reqs=227 mask=6 start=168 ok=1 outsize=1582

Cmd: compileSnippet
  insize=3093 file=Assets/SoftEffects/Shaders/SoftEffects/SoftEditShader pass=Shadow Pass cachingPP=1 ppOnly=0 stripLineD=0 buildPlatform=9 rsLen=0 pKW=UNITY_NO_DXT5nm UNITY_ENABLE_REFLECTION_BUFFERS UNITY_NO_SCREENSPACE_SHADOWS UNITY_PBS_USE_BRDF2 SHADER_API_DESKTOP UNITY_HARDWARE_TIER3 UNITY_COLORSPACE_GAMMA UNITY_LIGHTMAP_DLDR_ENCODING uKW=ETC1_EXTERNAL_ALPHA _SHAD_ON dKW=PIXELSNAP_ON _SHAD_OFF INSTANCING_ON UNITY_ENABLE_NATIVE_SHADOW_LOOKUPS UNITY_METAL_SHADOWS_USE_POINT_FILTERING UNITY_USE_DITHER_MASK_FOR_ALPHABLENDED_SHADOWS UNITY_PBS_USE_BRDF1 UNITY_PBS_USE_BRDF3 UNITY_NO_FULL_STANDARD_SHADER UNITY_SPECCUBE_BOX_PROJECTION UNITY_SPECCUBE_BLENDING UNITY_ENABLE_DETAIL_NORMALMAP UNITY_HARDWARE_TIER1 UNITY_HARDWARE_TIER2 UNITY_LIGHT_PROBE_PROXY_VOLUME UNITY_HALF_PRECISION_FRAGMENT_SHADER_REGISTERS UNITY_LIGHTMAP_RGBM_ENCODING UNITY_LIGHTMAP_FULL_HDR UNITY_VIRTUAL_TEXTURING UNITY_PRETRANSFORM_TO_DISPLAY_ORIENTATION UNITY_ASTC_NORMALMAP_ENCODING SHADER_API_GLES30 flags=0 lang=0 type=Vertex platform=d3d11 reqs=1 mask=6 start=57 ok=1 outsize=862

Cmd: shutdown
