Base path: 'D:/UnityDownLoad/2021.1.19f1/Editor/Data', plugins path 'D:/UnityDownLoad/2021.1.19f1/Editor/Data/PlaybackEngines'
Cmd: initializeCompiler

Cmd: compileSnippet
  insize=1683 file=Assets/SoftEffects/Shaders/SoftEffects/SoftShaderFont pass=Default cachingPP=1 ppOnly=0 stripLineD=0 buildPlatform=9 rsLen=0 pKW=UNITY_NO_DXT5nm UNITY_ENABLE_REFLECTION_BUFFERS UNITY_NO_SCREENSPACE_SHADOWS UNITY_PBS_USE_BRDF2 SHADER_API_DESKTOP UNITY_HARDWARE_TIER3 UNITY_COLORSPACE_GAMMA UNITY_LIGHTMAP_DLDR_ENCODING uKW= dKW=UNITY_UI_ALPHACLIP UNITY_ENABLE_NATIVE_SHADOW_LOOKUPS UNITY_METAL_SHADOWS_USE_POINT_FILTERING UNITY_USE_DITHER_MASK_FOR_ALPHABLENDED_SHADOWS UNITY_PBS_USE_BRDF1 UNITY_PBS_USE_BRDF3 UNITY_NO_FULL_STANDARD_SHADER UNITY_SPECCUBE_BOX_PROJECTION UNITY_SPECCUBE_BLENDING UNITY_ENABLE_DETAIL_NORMALMAP UNITY_HARDWARE_TIER1 UNITY_HARDWARE_TIER2 UNITY_LIGHT_PROBE_PROXY_VOLUME UNITY_HALF_PRECISION_FRAGMENT_SHADER_REGISTERS UNITY_LIGHTMAP_RGBM_ENCODING UNITY_LIGHTMAP_FULL_HDR UNITY_VIRTUAL_TEXTURING UNITY_PRETRANSFORM_TO_DISPLAY_ORIENTATION UNITY_ASTC_NORMALMAP_ENCODING SHADER_API_GLES30 flags=0 lang=0 type=Fragment platform=d3d11 reqs=1 mask=6 start=49 ok=1 outsize=698

Cmd: compileSnippet
  insize=3027 file=Assets/SoftEffects/Shaders/SoftEffects/SoftShaderSpriteWithShadows pass=Shadow Pass cachingPP=1 ppOnly=0 stripLineD=0 buildPlatform=9 rsLen=0 pKW=UNITY_NO_DXT5nm UNITY_ENABLE_REFLECTION_BUFFERS UNITY_NO_SCREENSPACE_SHADOWS UNITY_PBS_USE_BRDF2 SHADER_API_DESKTOP UNITY_HARDWARE_TIER3 UNITY_COLORSPACE_GAMMA UNITY_LIGHTMAP_DLDR_ENCODING uKW=_SHAD_ON dKW=PIXELSNAP_ON ETC1_EXTERNAL_ALPHA _SHAD_OFF INSTANCING_ON UNITY_ENABLE_NATIVE_SHADOW_LOOKUPS UNITY_METAL_SHADOWS_USE_POINT_FILTERING UNITY_USE_DITHER_MASK_FOR_ALPHABLENDED_SHADOWS UNITY_PBS_USE_BRDF1 UNITY_PBS_USE_BRDF3 UNITY_NO_FULL_STANDARD_SHADER UNITY_SPECCUBE_BOX_PROJECTION UNITY_SPECCUBE_BLENDING UNITY_ENABLE_DETAIL_NORMALMAP UNITY_HARDWARE_TIER1 UNITY_HARDWARE_TIER2 UNITY_LIGHT_PROBE_PROXY_VOLUME UNITY_HALF_PRECISION_FRAGMENT_SHADER_REGISTERS UNITY_LIGHTMAP_RGBM_ENCODING UNITY_LIGHTMAP_FULL_HDR UNITY_VIRTUAL_TEXTURING UNITY_PRETRANSFORM_TO_DISPLAY_ORIENTATION UNITY_ASTC_NORMALMAP_ENCODING SHADER_API_GLES30 flags=0 lang=0 type=Fragment platform=d3d11 reqs=1 mask=6 start=52 ok=1 outsize=478

Cmd: compileSnippet
  insize=1644 file=Assets/SoftEffects/Shaders/SoftEffects/SoftShaderSpriteWithShadows pass=Default cachingPP=1 ppOnly=0 stripLineD=0 buildPlatform=9 rsLen=0 pKW=UNITY_NO_DXT5nm UNITY_ENABLE_REFLECTION_BUFFERS UNITY_NO_SCREENSPACE_SHADOWS UNITY_PBS_USE_BRDF2 SHADER_API_DESKTOP UNITY_HARDWARE_TIER3 UNITY_COLORSPACE_GAMMA UNITY_LIGHTMAP_DLDR_ENCODING uKW= dKW=UNITY_UI_ALPHACLIP UNITY_ENABLE_NATIVE_SHADOW_LOOKUPS UNITY_METAL_SHADOWS_USE_POINT_FILTERING UNITY_USE_DITHER_MASK_FOR_ALPHABLENDED_SHADOWS UNITY_PBS_USE_BRDF1 UNITY_PBS_USE_BRDF3 UNITY_NO_FULL_STANDARD_SHADER UNITY_SPECCUBE_BOX_PROJECTION UNITY_SPECCUBE_BLENDING UNITY_ENABLE_DETAIL_NORMALMAP UNITY_HARDWARE_TIER1 UNITY_HARDWARE_TIER2 UNITY_LIGHT_PROBE_PROXY_VOLUME UNITY_HALF_PRECISION_FRAGMENT_SHADER_REGISTERS UNITY_LIGHTMAP_RGBM_ENCODING UNITY_LIGHTMAP_FULL_HDR UNITY_VIRTUAL_TEXTURING UNITY_PRETRANSFORM_TO_DISPLAY_ORIENTATION UNITY_ASTC_NORMALMAP_ENCODING SHADER_API_GLES30 flags=0 lang=0 type=Fragment platform=d3d11 reqs=1 mask=6 start=166 ok=1 outsize=478

Cmd: compileSnippet
  insize=2147 file=Assets/SoftEffects/Shaders/SoftEffects/SoftShaderFontWithShadows pass=Shadow Pass cachingPP=1 ppOnly=0 stripLineD=0 buildPlatform=9 rsLen=0 pKW=UNITY_NO_DXT5nm UNITY_ENABLE_REFLECTION_BUFFERS UNITY_NO_SCREENSPACE_SHADOWS UNITY_PBS_USE_BRDF2 SHADER_API_DESKTOP UNITY_HARDWARE_TIER3 UNITY_COLORSPACE_GAMMA UNITY_LIGHTMAP_DLDR_ENCODING uKW= dKW=UNITY_UI_ALPHACLIP UNITY_ENABLE_NATIVE_SHADOW_LOOKUPS UNITY_METAL_SHADOWS_USE_POINT_FILTERING UNITY_USE_DITHER_MASK_FOR_ALPHABLENDED_SHADOWS UNITY_PBS_USE_BRDF1 UNITY_PBS_USE_BRDF3 UNITY_NO_FULL_STANDARD_SHADER UNITY_SPECCUBE_BOX_PROJECTION UNITY_SPECCUBE_BLENDING UNITY_ENABLE_DETAIL_NORMALMAP UNITY_HARDWARE_TIER1 UNITY_HARDWARE_TIER2 UNITY_LIGHT_PROBE_PROXY_VOLUME UNITY_HALF_PRECISION_FRAGMENT_SHADER_REGISTERS UNITY_LIGHTMAP_RGBM_ENCODING UNITY_LIGHTMAP_FULL_HDR UNITY_VIRTUAL_TEXTURING UNITY_PRETRANSFORM_TO_DISPLAY_ORIENTATION UNITY_ASTC_NORMALMAP_ENCODING SHADER_API_GLES30 flags=0 lang=0 type=Fragment platform=d3d11 reqs=1 mask=6 start=53 ok=1 outsize=478

Cmd: compileSnippet
  insize=1768 file=Assets/SoftEffects/Shaders/SoftEffects/SoftShaderFontWithShadows pass=Default cachingPP=1 ppOnly=0 stripLineD=0 buildPlatform=9 rsLen=0 pKW=UNITY_NO_DXT5nm UNITY_ENABLE_REFLECTION_BUFFERS UNITY_NO_SCREENSPACE_SHADOWS UNITY_PBS_USE_BRDF2 SHADER_API_DESKTOP UNITY_HARDWARE_TIER3 UNITY_COLORSPACE_GAMMA UNITY_LIGHTMAP_DLDR_ENCODING uKW= dKW=UNITY_UI_ALPHACLIP UNITY_ENABLE_NATIVE_SHADOW_LOOKUPS UNITY_METAL_SHADOWS_USE_POINT_FILTERING UNITY_USE_DITHER_MASK_FOR_ALPHABLENDED_SHADOWS UNITY_PBS_USE_BRDF1 UNITY_PBS_USE_BRDF3 UNITY_NO_FULL_STANDARD_SHADER UNITY_SPECCUBE_BOX_PROJECTION UNITY_SPECCUBE_BLENDING UNITY_ENABLE_DETAIL_NORMALMAP UNITY_HARDWARE_TIER1 UNITY_HARDWARE_TIER2 UNITY_LIGHT_PROBE_PROXY_VOLUME UNITY_HALF_PRECISION_FRAGMENT_SHADER_REGISTERS UNITY_LIGHTMAP_RGBM_ENCODING UNITY_LIGHTMAP_FULL_HDR UNITY_VIRTUAL_TEXTURING UNITY_PRETRANSFORM_TO_DISPLAY_ORIENTATION UNITY_ASTC_NORMALMAP_ENCODING SHADER_API_GLES30 flags=0 lang=0 type=Fragment platform=d3d11 reqs=1 mask=6 start=137 ok=1 outsize=698

Cmd: compileSnippet
  insize=3093 file=Assets/SoftEffects/Shaders/SoftEffects/SoftEditShader pass=Shadow Pass cachingPP=1 ppOnly=0 stripLineD=0 buildPlatform=9 rsLen=0 pKW=UNITY_NO_DXT5nm UNITY_ENABLE_REFLECTION_BUFFERS UNITY_NO_SCREENSPACE_SHADOWS UNITY_PBS_USE_BRDF2 SHADER_API_DESKTOP UNITY_HARDWARE_TIER3 UNITY_COLORSPACE_GAMMA UNITY_LIGHTMAP_DLDR_ENCODING uKW=_SHAD_ON dKW=PIXELSNAP_ON ETC1_EXTERNAL_ALPHA _SHAD_OFF INSTANCING_ON UNITY_ENABLE_NATIVE_SHADOW_LOOKUPS UNITY_METAL_SHADOWS_USE_POINT_FILTERING UNITY_USE_DITHER_MASK_FOR_ALPHABLENDED_SHADOWS UNITY_PBS_USE_BRDF1 UNITY_PBS_USE_BRDF3 UNITY_NO_FULL_STANDARD_SHADER UNITY_SPECCUBE_BOX_PROJECTION UNITY_SPECCUBE_BLENDING UNITY_ENABLE_DETAIL_NORMALMAP UNITY_HARDWARE_TIER1 UNITY_HARDWARE_TIER2 UNITY_LIGHT_PROBE_PROXY_VOLUME UNITY_HALF_PRECISION_FRAGMENT_SHADER_REGISTERS UNITY_LIGHTMAP_RGBM_ENCODING UNITY_LIGHTMAP_FULL_HDR UNITY_VIRTUAL_TEXTURING UNITY_PRETRANSFORM_TO_DISPLAY_ORIENTATION UNITY_ASTC_NORMALMAP_ENCODING SHADER_API_GLES30 flags=0 lang=0 type=Fragment platform=d3d11 reqs=1 mask=6 start=57 ok=1 outsize=534

Cmd: compileSnippet
  insize=1789 file=Assets/SoftEffects/Shaders/SoftEffects/SoftEditShader pass=Default cachingPP=1 ppOnly=0 stripLineD=0 buildPlatform=9 rsLen=0 pKW=UNITY_NO_DXT5nm UNITY_ENABLE_REFLECTION_BUFFERS UNITY_NO_SCREENSPACE_SHADOWS UNITY_PBS_USE_BRDF2 SHADER_API_DESKTOP UNITY_HARDWARE_TIER3 UNITY_COLORSPACE_GAMMA UNITY_LIGHTMAP_DLDR_ENCODING uKW= dKW=UNITY_UI_ALPHACLIP UNITY_ENABLE_NATIVE_SHADOW_LOOKUPS UNITY_METAL_SHADOWS_USE_POINT_FILTERING UNITY_USE_DITHER_MASK_FOR_ALPHABLENDED_SHADOWS UNITY_PBS_USE_BRDF1 UNITY_PBS_USE_BRDF3 UNITY_NO_FULL_STANDARD_SHADER UNITY_SPECCUBE_BOX_PROJECTION UNITY_SPECCUBE_BLENDING UNITY_ENABLE_DETAIL_NORMALMAP UNITY_HARDWARE_TIER1 UNITY_HARDWARE_TIER2 UNITY_LIGHT_PROBE_PROXY_VOLUME UNITY_HALF_PRECISION_FRAGMENT_SHADER_REGISTERS UNITY_LIGHTMAP_RGBM_ENCODING UNITY_LIGHTMAP_FULL_HDR UNITY_VIRTUAL_TEXTURING UNITY_PRETRANSFORM_TO_DISPLAY_ORIENTATION UNITY_ASTC_NORMALMAP_ENCODING SHADER_API_GLES30 flags=0 lang=0 type=Vertex platform=d3d11 reqs=1 mask=6 start=175 ok=1 outsize=866

Cmd: compileComputeKernel
  insize=106333 file=N:/Unity Projects/mobile/Block Escape/Assets/SoftEffects/Shaders/SoftEffectsCompute.compute kernel=NormalizeFB cachingPP=1 ppOnly=0 stripLineD=0 buildPlatform=9 km=<UNITY_VERSION=202119> pKW=UNITY_NO_DXT5nm UNITY_ENABLE_REFLECTION_BUFFERS UNITY_NO_SCREENSPACE_SHADOWS UNITY_PBS_USE_BRDF2 UNITY_COLORSPACE_GAMMA UNITY_LIGHTMAP_DLDR_ENCODING uKW=SHADER_STAGE_COMPUTE platform=d3d11 flags=0 reqs=16385 forceDXC=0 forceFXC=0  error: 1 plat 4 at SoftEffectsCompute.compute(674): implicit truncation of vector type
  error: 1 plat 4 at SoftEffectsCompute.compute(722): implicit truncation of vector type
  error: 1 plat 4 at SoftEffectsCompute.compute(769): implicit truncation of vector type
  error: 1 plat 4 at SoftEffectsCompute.compute(817): implicit truncation of vector type
 ok=1 outsize=1034

Cmd: compileComputeKernel
  insize=106333 file=N:/Unity Projects/mobile/Block Escape/Assets/SoftEffects/Shaders/SoftEffectsCompute.compute kernel=NormalizeFCN cachingPP=1 ppOnly=0 stripLineD=0 buildPlatform=9 km=<UNITY_VERSION=202119> pKW=UNITY_NO_DXT5nm UNITY_ENABLE_REFLECTION_BUFFERS UNITY_NO_SCREENSPACE_SHADOWS UNITY_PBS_USE_BRDF2 UNITY_COLORSPACE_GAMMA UNITY_LIGHTMAP_DLDR_ENCODING uKW=SHADER_STAGE_COMPUTE platform=d3d11 flags=0 reqs=16385 forceDXC=0 forceFXC=0  error: 1 plat 4 at SoftEffectsCompute.compute(674): implicit truncation of vector type
  error: 1 plat 4 at SoftEffectsCompute.compute(722): implicit truncation of vector type
  error: 1 plat 4 at SoftEffectsCompute.compute(769): implicit truncation of vector type
  error: 1 plat 4 at SoftEffectsCompute.compute(817): implicit truncation of vector type
 ok=1 outsize=830

Cmd: compileComputeKernel
  insize=106333 file=N:/Unity Projects/mobile/Block Escape/Assets/SoftEffects/Shaders/SoftEffectsCompute.compute kernel=NormalizeF cachingPP=1 ppOnly=0 stripLineD=0 buildPlatform=9 km=<UNITY_VERSION=202119> pKW=UNITY_NO_DXT5nm UNITY_ENABLE_REFLECTION_BUFFERS UNITY_NO_SCREENSPACE_SHADOWS UNITY_PBS_USE_BRDF2 UNITY_COLORSPACE_GAMMA UNITY_LIGHTMAP_DLDR_ENCODING uKW=SHADER_STAGE_COMPUTE platform=d3d11 flags=0 reqs=16385 forceDXC=0 forceFXC=0  error: 1 plat 4 at SoftEffectsCompute.compute(674): implicit truncation of vector type
  error: 1 plat 4 at SoftEffectsCompute.compute(722): implicit truncation of vector type
  error: 1 plat 4 at SoftEffectsCompute.compute(769): implicit truncation of vector type
  error: 1 plat 4 at SoftEffectsCompute.compute(817): implicit truncation of vector type
 ok=1 outsize=872

Cmd: compileComputeKernel
  insize=106333 file=N:/Unity Projects/mobile/Block Escape/Assets/SoftEffects/Shaders/SoftEffectsCompute.compute kernel=CSDistMC cachingPP=1 ppOnly=0 stripLineD=0 buildPlatform=9 km=<UNITY_VERSION=202119> pKW=UNITY_NO_DXT5nm UNITY_ENABLE_REFLECTION_BUFFERS UNITY_NO_SCREENSPACE_SHADOWS UNITY_PBS_USE_BRDF2 UNITY_COLORSPACE_GAMMA UNITY_LIGHTMAP_DLDR_ENCODING uKW=SHADER_STAGE_COMPUTE platform=d3d11 flags=0 reqs=16385 forceDXC=0 forceFXC=0  error: 1 plat 4 at SoftEffectsCompute.compute(674): implicit truncation of vector type
  error: 1 plat 4 at SoftEffectsCompute.compute(722): implicit truncation of vector type
  error: 1 plat 4 at SoftEffectsCompute.compute(769): implicit truncation of vector type
  error: 1 plat 4 at SoftEffectsCompute.compute(817): implicit truncation of vector type
  error: 1 plat 4 at SoftEffectsCompute.compute(2398): integer divides may be much slower, try using uints if possible.
  error: 1 plat 4 at SoftEffectsCompute.compute(2399): integer divides may be much slower, try using uints if possible.
 ok=1 outsize=3111

Cmd: compileComputeKernel
  insize=106333 file=N:/Unity Projects/mobile/Block Escape/Assets/SoftEffects/Shaders/SoftEffectsCompute.compute kernel=CSDistMESigned cachingPP=1 ppOnly=0 stripLineD=0 buildPlatform=9 km=<UNITY_VERSION=202119> pKW=UNITY_NO_DXT5nm UNITY_ENABLE_REFLECTION_BUFFERS UNITY_NO_SCREENSPACE_SHADOWS UNITY_PBS_USE_BRDF2 UNITY_COLORSPACE_GAMMA UNITY_LIGHTMAP_DLDR_ENCODING uKW=SHADER_STAGE_COMPUTE platform=d3d11 flags=0 reqs=16385 forceDXC=0 forceFXC=0  error: 1 plat 4 at SoftEffectsCompute.compute(674): implicit truncation of vector type
  error: 1 plat 4 at SoftEffectsCompute.compute(722): implicit truncation of vector type
  error: 1 plat 4 at SoftEffectsCompute.compute(769): implicit truncation of vector type
  error: 1 plat 4 at SoftEffectsCompute.compute(817): implicit truncation of vector type
  error: 1 plat 4 at SoftEffectsCompute.compute(2356): integer divides may be much slower, try using uints if possible.
 ok=1 outsize=3286

Cmd: compileComputeKernel
  insize=106333 file=N:/Unity Projects/mobile/Block Escape/Assets/SoftEffects/Shaders/SoftEffectsCompute.compute kernel=CSDistM cachingPP=1 ppOnly=0 stripLineD=0 buildPlatform=9 km=<UNITY_VERSION=202119> pKW=UNITY_NO_DXT5nm UNITY_ENABLE_REFLECTION_BUFFERS UNITY_NO_SCREENSPACE_SHADOWS UNITY_PBS_USE_BRDF2 UNITY_COLORSPACE_GAMMA UNITY_LIGHTMAP_DLDR_ENCODING uKW=SHADER_STAGE_COMPUTE platform=d3d11 flags=0 reqs=16385 forceDXC=0 forceFXC=0  error: 1 plat 4 at SoftEffectsCompute.compute(674): implicit truncation of vector type
  error: 1 plat 4 at SoftEffectsCompute.compute(722): implicit truncation of vector type
  error: 1 plat 4 at SoftEffectsCompute.compute(769): implicit truncation of vector type
  error: 1 plat 4 at SoftEffectsCompute.compute(817): implicit truncation of vector type
 ok=1 outsize=1444

Cmd: compileComputeKernel
  insize=106333 file=N:/Unity Projects/mobile/Block Escape/Assets/SoftEffects/Shaders/SoftEffectsCompute.compute kernel=CSCombiner cachingPP=1 ppOnly=0 stripLineD=0 buildPlatform=9 km=<UNITY_VERSION=202119> pKW=UNITY_NO_DXT5nm UNITY_ENABLE_REFLECTION_BUFFERS UNITY_NO_SCREENSPACE_SHADOWS UNITY_PBS_USE_BRDF2 UNITY_COLORSPACE_GAMMA UNITY_LIGHTMAP_DLDR_ENCODING uKW=SHADER_STAGE_COMPUTE platform=d3d11 flags=0 reqs=16385 forceDXC=0 forceFXC=0  error: 1 plat 4 at SoftEffectsCompute.compute(674): implicit truncation of vector type
  error: 1 plat 4 at SoftEffectsCompute.compute(722): implicit truncation of vector type
  error: 1 plat 4 at SoftEffectsCompute.compute(769): implicit truncation of vector type
  error: 1 plat 4 at SoftEffectsCompute.compute(817): implicit truncation of vector type
 ok=1 outsize=20562

Cmd: compileComputeKernel
  insize=106333 file=N:/Unity Projects/mobile/Block Escape/Assets/SoftEffects/Shaders/SoftEffectsCompute.compute kernel=CSDistMAAFloat_R8 cachingPP=1 ppOnly=0 stripLineD=0 buildPlatform=9 km=<UNITY_VERSION=202119> pKW=UNITY_NO_DXT5nm UNITY_ENABLE_REFLECTION_BUFFERS UNITY_NO_SCREENSPACE_SHADOWS UNITY_PBS_USE_BRDF2 UNITY_COLORSPACE_GAMMA UNITY_LIGHTMAP_DLDR_ENCODING uKW=SHADER_STAGE_COMPUTE platform=d3d11 flags=0 reqs=16385 forceDXC=0 forceFXC=0  error: 1 plat 4 at SoftEffectsCompute.compute(674): implicit truncation of vector type
  error: 1 plat 4 at SoftEffectsCompute.compute(722): implicit truncation of vector type
  error: 1 plat 4 at SoftEffectsCompute.compute(769): implicit truncation of vector type
  error: 1 plat 4 at SoftEffectsCompute.compute(817): implicit truncation of vector type
 ok=1 outsize=1893

Cmd: compileComputeKernel
  insize=106333 file=N:/Unity Projects/mobile/Block Escape/Assets/SoftEffects/Shaders/SoftEffectsCompute.compute kernel=CSDistBufferToInnerGlowPrec_R8 cachingPP=1 ppOnly=0 stripLineD=0 buildPlatform=9 km=<UNITY_VERSION=202119> pKW=UNITY_NO_DXT5nm UNITY_ENABLE_REFLECTION_BUFFERS UNITY_NO_SCREENSPACE_SHADOWS UNITY_PBS_USE_BRDF2 UNITY_COLORSPACE_GAMMA UNITY_LIGHTMAP_DLDR_ENCODING uKW=SHADER_STAGE_COMPUTE platform=d3d11 flags=0 reqs=16385 forceDXC=0 forceFXC=0  error: 1 plat 4 at SoftEffectsCompute.compute(674): implicit truncation of vector type
  error: 1 plat 4 at SoftEffectsCompute.compute(722): implicit truncation of vector type
  error: 1 plat 4 at SoftEffectsCompute.compute(769): implicit truncation of vector type
  error: 1 plat 4 at SoftEffectsCompute.compute(817): implicit truncation of vector type
 ok=1 outsize=1746

Cmd: compileComputeKernel
  insize=106333 file=N:/Unity Projects/mobile/Block Escape/Assets/SoftEffects/Shaders/SoftEffectsCompute.compute kernel=CSFill_R8 cachingPP=1 ppOnly=0 stripLineD=0 buildPlatform=9 km=<UNITY_VERSION=202119> pKW=UNITY_NO_DXT5nm UNITY_ENABLE_REFLECTION_BUFFERS UNITY_NO_SCREENSPACE_SHADOWS UNITY_PBS_USE_BRDF2 UNITY_COLORSPACE_GAMMA UNITY_LIGHTMAP_DLDR_ENCODING uKW=SHADER_STAGE_COMPUTE platform=d3d11 flags=0 reqs=16385 forceDXC=0 forceFXC=0  error: 1 plat 4 at SoftEffectsCompute.compute(674): implicit truncation of vector type
  error: 1 plat 4 at SoftEffectsCompute.compute(722): implicit truncation of vector type
  error: 1 plat 4 at SoftEffectsCompute.compute(769): implicit truncation of vector type
  error: 1 plat 4 at SoftEffectsCompute.compute(817): implicit truncation of vector type
 ok=1 outsize=405

Cmd: compileComputeKernel
  insize=106333 file=N:/Unity Projects/mobile/Block Escape/Assets/SoftEffects/Shaders/SoftEffectsCompute.compute kernel=CSVerBlur250_R8 cachingPP=1 ppOnly=0 stripLineD=0 buildPlatform=9 km=<UNITY_VERSION=202119> pKW=UNITY_NO_DXT5nm UNITY_ENABLE_REFLECTION_BUFFERS UNITY_NO_SCREENSPACE_SHADOWS UNITY_PBS_USE_BRDF2 UNITY_COLORSPACE_GAMMA UNITY_LIGHTMAP_DLDR_ENCODING uKW=SHADER_STAGE_COMPUTE platform=d3d11 flags=0 reqs=16385 forceDXC=0 forceFXC=0  error: 1 plat 4 at SoftEffectsCompute.compute(674): implicit truncation of vector type
  error: 1 plat 4 at SoftEffectsCompute.compute(722): implicit truncation of vector type
  error: 1 plat 4 at SoftEffectsCompute.compute(769): implicit truncation of vector type
  error: 1 plat 4 at SoftEffectsCompute.compute(817): implicit truncation of vector type
 ok=1 outsize=1351

Cmd: compileComputeKernel
  insize=106333 file=N:/Unity Projects/mobile/Block Escape/Assets/SoftEffects/Shaders/SoftEffectsCompute.compute kernel=CSSepBevelCutInSmooth cachingPP=1 ppOnly=0 stripLineD=0 buildPlatform=9 km=<UNITY_VERSION=202119> pKW=UNITY_NO_DXT5nm UNITY_ENABLE_REFLECTION_BUFFERS UNITY_NO_SCREENSPACE_SHADOWS UNITY_PBS_USE_BRDF2 UNITY_COLORSPACE_GAMMA UNITY_LIGHTMAP_DLDR_ENCODING uKW=SHADER_STAGE_COMPUTE platform=d3d11 flags=0 reqs=16385 forceDXC=0 forceFXC=0  error: 1 plat 4 at SoftEffectsCompute.compute(674): implicit truncation of vector type
  error: 1 plat 4 at SoftEffectsCompute.compute(722): implicit truncation of vector type
  error: 1 plat 4 at SoftEffectsCompute.compute(769): implicit truncation of vector type
  error: 1 plat 4 at SoftEffectsCompute.compute(817): implicit truncation of vector type
 ok=1 outsize=846

Cmd: compileComputeKernel
  insize=106333 file=N:/Unity Projects/mobile/Block Escape/Assets/SoftEffects/Shaders/SoftEffectsCompute.compute kernel=CSHorBlur cachingPP=1 ppOnly=0 stripLineD=0 buildPlatform=9 km=<UNITY_VERSION=202119> pKW=UNITY_NO_DXT5nm UNITY_ENABLE_REFLECTION_BUFFERS UNITY_NO_SCREENSPACE_SHADOWS UNITY_PBS_USE_BRDF2 UNITY_COLORSPACE_GAMMA UNITY_LIGHTMAP_DLDR_ENCODING uKW=SHADER_STAGE_COMPUTE platform=d3d11 flags=0 reqs=16385 forceDXC=0 forceFXC=0  error: 1 plat 4 at SoftEffectsCompute.compute(674): implicit truncation of vector type
  error: 1 plat 4 at SoftEffectsCompute.compute(722): implicit truncation of vector type
  error: 1 plat 4 at SoftEffectsCompute.compute(769): implicit truncation of vector type
  error: 1 plat 4 at SoftEffectsCompute.compute(817): implicit truncation of vector type
 ok=1 outsize=1448

Cmd: compileComputeKernel
  insize=106333 file=N:/Unity Projects/mobile/Block Escape/Assets/SoftEffects/Shaders/SoftEffectsCompute.compute kernel=CSFill cachingPP=1 ppOnly=0 stripLineD=0 buildPlatform=9 km=<UNITY_VERSION=202119> pKW=UNITY_NO_DXT5nm UNITY_ENABLE_REFLECTION_BUFFERS UNITY_NO_SCREENSPACE_SHADOWS UNITY_PBS_USE_BRDF2 UNITY_COLORSPACE_GAMMA UNITY_LIGHTMAP_DLDR_ENCODING uKW=SHADER_STAGE_COMPUTE platform=d3d11 flags=0 reqs=16385 forceDXC=0 forceFXC=0  error: 1 plat 4 at SoftEffectsCompute.compute(674): implicit truncation of vector type
  error: 1 plat 4 at SoftEffectsCompute.compute(722): implicit truncation of vector type
  error: 1 plat 4 at SoftEffectsCompute.compute(769): implicit truncation of vector type
  error: 1 plat 4 at SoftEffectsCompute.compute(817): implicit truncation of vector type
 ok=1 outsize=401

Cmd: compileComputeKernel
  insize=106333 file=N:/Unity Projects/mobile/Block Escape/Assets/SoftEffects/Shaders/SoftEffectsCompute.compute kernel=CSMask cachingPP=1 ppOnly=0 stripLineD=0 buildPlatform=9 km=<UNITY_VERSION=202119> pKW=UNITY_NO_DXT5nm UNITY_ENABLE_REFLECTION_BUFFERS UNITY_NO_SCREENSPACE_SHADOWS UNITY_PBS_USE_BRDF2 UNITY_COLORSPACE_GAMMA UNITY_LIGHTMAP_DLDR_ENCODING uKW=SHADER_STAGE_COMPUTE platform=d3d11 flags=0 reqs=16385 forceDXC=0 forceFXC=0  error: 1 plat 4 at SoftEffectsCompute.compute(674): implicit truncation of vector type
  error: 1 plat 4 at SoftEffectsCompute.compute(722): implicit truncation of vector type
  error: 1 plat 4 at SoftEffectsCompute.compute(769): implicit truncation of vector type
  error: 1 plat 4 at SoftEffectsCompute.compute(817): implicit truncation of vector type
 ok=1 outsize=633

Cmd: compileComputeKernel
  insize=106333 file=N:/Unity Projects/mobile/Block Escape/Assets/SoftEffects/Shaders/SoftEffectsCompute.compute kernel=NormalizeF1 cachingPP=1 ppOnly=0 stripLineD=0 buildPlatform=9 km=<UNITY_VERSION=202119> pKW=UNITY_NO_DXT5nm UNITY_NO_RGBM UNITY_ENABLE_REFLECTION_BUFFERS UNITY_FRAMEBUFFER_FETCH_AVAILABLE UNITY_NO_SCREENSPACE_SHADOWS UNITY_PBS_USE_BRDF2 SHADER_API_MOBILE UNITY_COLORSPACE_GAMMA UNITY_LIGHTMAP_DLDR_ENCODING uKW=SHADER_STAGE_COMPUTE platform=metal flags=268439552 reqs=16385 forceDXC=0 forceFXC=0  error: 1 plat 14 at SoftEffectsCompute.compute(674): implicit truncation of vector type
  error: 1 plat 14 at SoftEffectsCompute.compute(722): implicit truncation of vector type
  error: 1 plat 14 at SoftEffectsCompute.compute(769): implicit truncation of vector type
  error: 1 plat 14 at SoftEffectsCompute.compute(817): implicit truncation of vector type
 ok=1 outsize=1517

Cmd: compileComputeKernel
  insize=106333 file=N:/Unity Projects/mobile/Block Escape/Assets/SoftEffects/Shaders/SoftEffectsCompute.compute kernel=CSDistBufferToStroke cachingPP=1 ppOnly=0 stripLineD=0 buildPlatform=9 km=<UNITY_VERSION=202119> pKW=UNITY_NO_DXT5nm UNITY_NO_RGBM UNITY_ENABLE_REFLECTION_BUFFERS UNITY_FRAMEBUFFER_FETCH_AVAILABLE UNITY_NO_SCREENSPACE_SHADOWS UNITY_PBS_USE_BRDF2 SHADER_API_MOBILE UNITY_COLORSPACE_GAMMA UNITY_LIGHTMAP_DLDR_ENCODING uKW=SHADER_STAGE_COMPUTE platform=metal flags=268439552 reqs=16385 forceDXC=0 forceFXC=0  error: 1 plat 14 at SoftEffectsCompute.compute(674): implicit truncation of vector type
  error: 1 plat 14 at SoftEffectsCompute.compute(722): implicit truncation of vector type
  error: 1 plat 14 at SoftEffectsCompute.compute(769): implicit truncation of vector type
  error: 1 plat 14 at SoftEffectsCompute.compute(817): implicit truncation of vector type
 ok=1 outsize=2328

Cmd: compileComputeKernel
  insize=106333 file=N:/Unity Projects/mobile/Block Escape/Assets/SoftEffects/Shaders/SoftEffectsCompute.compute kernel=CSDistMC cachingPP=1 ppOnly=0 stripLineD=0 buildPlatform=9 km=<UNITY_VERSION=202119> pKW=UNITY_NO_DXT5nm UNITY_NO_RGBM UNITY_ENABLE_REFLECTION_BUFFERS UNITY_FRAMEBUFFER_FETCH_AVAILABLE UNITY_NO_SCREENSPACE_SHADOWS UNITY_PBS_USE_BRDF2 SHADER_API_MOBILE UNITY_COLORSPACE_GAMMA UNITY_LIGHTMAP_DLDR_ENCODING uKW=SHADER_STAGE_COMPUTE platform=metal flags=268439552 reqs=16385 forceDXC=0 forceFXC=0  error: 1 plat 14 at SoftEffectsCompute.compute(674): implicit truncation of vector type
  error: 1 plat 14 at SoftEffectsCompute.compute(722): implicit truncation of vector type
  error: 1 plat 14 at SoftEffectsCompute.compute(769): implicit truncation of vector type
  error: 1 plat 14 at SoftEffectsCompute.compute(817): implicit truncation of vector type
  error: 1 plat 14 at SoftEffectsCompute.compute(2398): integer divides may be much slower, try using uints if possible.
  error: 1 plat 14 at SoftEffectsCompute.compute(2399): integer divides may be much slower, try using uints if possible.
 ok=1 outsize=6537

Cmd: compileComputeKernel
  insize=106333 file=N:/Unity Projects/mobile/Block Escape/Assets/SoftEffects/Shaders/SoftEffectsCompute.compute kernel=CSDistME cachingPP=1 ppOnly=0 stripLineD=0 buildPlatform=9 km=<UNITY_VERSION=202119> pKW=UNITY_NO_DXT5nm UNITY_NO_RGBM UNITY_ENABLE_REFLECTION_BUFFERS UNITY_FRAMEBUFFER_FETCH_AVAILABLE UNITY_NO_SCREENSPACE_SHADOWS UNITY_PBS_USE_BRDF2 SHADER_API_MOBILE UNITY_COLORSPACE_GAMMA UNITY_LIGHTMAP_DLDR_ENCODING uKW=SHADER_STAGE_COMPUTE platform=metal flags=268439552 reqs=16385 forceDXC=0 forceFXC=0  error: 1 plat 14 at SoftEffectsCompute.compute(674): implicit truncation of vector type
  error: 1 plat 14 at SoftEffectsCompute.compute(722): implicit truncation of vector type
  error: 1 plat 14 at SoftEffectsCompute.compute(769): implicit truncation of vector type
  error: 1 plat 14 at SoftEffectsCompute.compute(817): implicit truncation of vector type
  error: 1 plat 14 at SoftEffectsCompute.compute(2356): integer divides may be much slower, try using uints if possible.
 ok=1 outsize=6300

Cmd: compileComputeKernel
  insize=106333 file=N:/Unity Projects/mobile/Block Escape/Assets/SoftEffects/Shaders/SoftEffectsCompute.compute kernel=CSShadowCombiner cachingPP=1 ppOnly=0 stripLineD=0 buildPlatform=9 km=<UNITY_VERSION=202119> pKW=UNITY_NO_DXT5nm UNITY_NO_RGBM UNITY_ENABLE_REFLECTION_BUFFERS UNITY_FRAMEBUFFER_FETCH_AVAILABLE UNITY_NO_SCREENSPACE_SHADOWS UNITY_PBS_USE_BRDF2 SHADER_API_MOBILE UNITY_COLORSPACE_GAMMA UNITY_LIGHTMAP_DLDR_ENCODING uKW=SHADER_STAGE_COMPUTE platform=metal flags=268439552 reqs=16385 forceDXC=0 forceFXC=0  error: 1 plat 14 at SoftEffectsCompute.compute(674): implicit truncation of vector type
  error: 1 plat 14 at SoftEffectsCompute.compute(722): implicit truncation of vector type
  error: 1 plat 14 at SoftEffectsCompute.compute(769): implicit truncation of vector type
  error: 1 plat 14 at SoftEffectsCompute.compute(817): implicit truncation of vector type
 ok=1 outsize=3711

Cmd: compileComputeKernel
  insize=106333 file=N:/Unity Projects/mobile/Block Escape/Assets/SoftEffects/Shaders/SoftEffectsCompute.compute kernel=CSBoxBlurPass_BUF cachingPP=1 ppOnly=0 stripLineD=0 buildPlatform=9 km=<UNITY_VERSION=202119> pKW=UNITY_NO_DXT5nm UNITY_NO_RGBM UNITY_ENABLE_REFLECTION_BUFFERS UNITY_FRAMEBUFFER_FETCH_AVAILABLE UNITY_NO_SCREENSPACE_SHADOWS UNITY_PBS_USE_BRDF2 SHADER_API_MOBILE UNITY_COLORSPACE_GAMMA UNITY_LIGHTMAP_DLDR_ENCODING uKW=SHADER_STAGE_COMPUTE platform=metal flags=268439552 reqs=16385 forceDXC=0 forceFXC=0  error: 1 plat 14 at SoftEffectsCompute.compute(674): implicit truncation of vector type
  error: 1 plat 14 at SoftEffectsCompute.compute(722): implicit truncation of vector type
  error: 1 plat 14 at SoftEffectsCompute.compute(769): implicit truncation of vector type
  error: 1 plat 14 at SoftEffectsCompute.compute(817): implicit truncation of vector type
 ok=1 outsize=2878

Cmd: compileComputeKernel
  insize=106333 file=N:/Unity Projects/mobile/Block Escape/Assets/SoftEffects/Shaders/SoftEffectsCompute.compute kernel=CSHorBlur8_BUF cachingPP=1 ppOnly=0 stripLineD=0 buildPlatform=9 km=<UNITY_VERSION=202119> pKW=UNITY_NO_DXT5nm UNITY_NO_RGBM UNITY_ENABLE_REFLECTION_BUFFERS UNITY_FRAMEBUFFER_FETCH_AVAILABLE UNITY_NO_SCREENSPACE_SHADOWS UNITY_PBS_USE_BRDF2 SHADER_API_MOBILE UNITY_COLORSPACE_GAMMA UNITY_LIGHTMAP_DLDR_ENCODING uKW=SHADER_STAGE_COMPUTE platform=metal flags=268439552 reqs=16385 forceDXC=0 forceFXC=0  error: 1 plat 14 at SoftEffectsCompute.compute(674): implicit truncation of vector type
  error: 1 plat 14 at SoftEffectsCompute.compute(722): implicit truncation of vector type
  error: 1 plat 14 at SoftEffectsCompute.compute(769): implicit truncation of vector type
  error: 1 plat 14 at SoftEffectsCompute.compute(817): implicit truncation of vector type
 ok=1 outsize=2992

Cmd: compileComputeKernel
  insize=106333 file=N:/Unity Projects/mobile/Block Escape/Assets/SoftEffects/Shaders/SoftEffectsCompute.compute kernel=CSHorBlur16_BUF cachingPP=1 ppOnly=0 stripLineD=0 buildPlatform=9 km=<UNITY_VERSION=202119> pKW=UNITY_NO_DXT5nm UNITY_NO_RGBM UNITY_ENABLE_REFLECTION_BUFFERS UNITY_FRAMEBUFFER_FETCH_AVAILABLE UNITY_NO_SCREENSPACE_SHADOWS UNITY_PBS_USE_BRDF2 SHADER_API_MOBILE UNITY_COLORSPACE_GAMMA UNITY_LIGHTMAP_DLDR_ENCODING uKW=SHADER_STAGE_COMPUTE platform=metal flags=268439552 reqs=16385 forceDXC=0 forceFXC=0  error: 1 plat 14 at SoftEffectsCompute.compute(674): implicit truncation of vector type
  error: 1 plat 14 at SoftEffectsCompute.compute(722): implicit truncation of vector type
  error: 1 plat 14 at SoftEffectsCompute.compute(769): implicit truncation of vector type
  error: 1 plat 14 at SoftEffectsCompute.compute(817): implicit truncation of vector type
 ok=1 outsize=2997

Cmd: compileComputeKernel
  insize=106333 file=N:/Unity Projects/mobile/Block Escape/Assets/SoftEffects/Shaders/SoftEffectsCompute.compute kernel=CSHorBlur30_BUF cachingPP=1 ppOnly=0 stripLineD=0 buildPlatform=9 km=<UNITY_VERSION=202119> pKW=UNITY_NO_DXT5nm UNITY_NO_RGBM UNITY_ENABLE_REFLECTION_BUFFERS UNITY_FRAMEBUFFER_FETCH_AVAILABLE UNITY_NO_SCREENSPACE_SHADOWS UNITY_PBS_USE_BRDF2 SHADER_API_MOBILE UNITY_COLORSPACE_GAMMA UNITY_LIGHTMAP_DLDR_ENCODING uKW=SHADER_STAGE_COMPUTE platform=metal flags=268439552 reqs=16385 forceDXC=0 forceFXC=0  error: 1 plat 14 at SoftEffectsCompute.compute(674): implicit truncation of vector type
  error: 1 plat 14 at SoftEffectsCompute.compute(722): implicit truncation of vector type
  error: 1 plat 14 at SoftEffectsCompute.compute(769): implicit truncation of vector type
  error: 1 plat 14 at SoftEffectsCompute.compute(817): implicit truncation of vector type
 ok=1 outsize=3032

Cmd: compileComputeKernel
  insize=106333 file=N:/Unity Projects/mobile/Block Escape/Assets/SoftEffects/Shaders/SoftEffectsCompute.compute kernel=CSHorBlur250_BUF cachingPP=1 ppOnly=0 stripLineD=0 buildPlatform=9 km=<UNITY_VERSION=202119> pKW=UNITY_NO_DXT5nm UNITY_NO_RGBM UNITY_ENABLE_REFLECTION_BUFFERS UNITY_FRAMEBUFFER_FETCH_AVAILABLE UNITY_NO_SCREENSPACE_SHADOWS UNITY_PBS_USE_BRDF2 SHADER_API_MOBILE UNITY_COLORSPACE_GAMMA UNITY_LIGHTMAP_DLDR_ENCODING uKW=SHADER_STAGE_COMPUTE platform=metal flags=268439552 reqs=16385 forceDXC=0 forceFXC=0  error: 1 plat 14 at SoftEffectsCompute.compute(674): implicit truncation of vector type
  error: 1 plat 14 at SoftEffectsCompute.compute(722): implicit truncation of vector type
  error: 1 plat 14 at SoftEffectsCompute.compute(769): implicit truncation of vector type
  error: 1 plat 14 at SoftEffectsCompute.compute(817): implicit truncation of vector type
 ok=1 outsize=2987

Cmd: compileComputeKernel
  insize=106333 file=N:/Unity Projects/mobile/Block Escape/Assets/SoftEffects/Shaders/SoftEffectsCompute.compute kernel=CSSepBevel_R8 cachingPP=1 ppOnly=0 stripLineD=0 buildPlatform=9 km=<UNITY_VERSION=202119> pKW=UNITY_NO_DXT5nm UNITY_NO_RGBM UNITY_ENABLE_REFLECTION_BUFFERS UNITY_FRAMEBUFFER_FETCH_AVAILABLE UNITY_NO_SCREENSPACE_SHADOWS UNITY_PBS_USE_BRDF2 SHADER_API_MOBILE UNITY_COLORSPACE_GAMMA UNITY_LIGHTMAP_DLDR_ENCODING uKW=SHADER_STAGE_COMPUTE platform=metal flags=268439552 reqs=16385 forceDXC=0 forceFXC=0  error: 2 plat 14 at (0): HLSLcc: Metal shading language does not support buffer size query from shader. Pass the size to shader as const instead.

  error: 1 plat 14 at SoftEffectsCompute.compute(674): implicit truncation of vector type
  error: 1 plat 14 at SoftEffectsCompute.compute(722): implicit truncation of vector type
  error: 1 plat 14 at SoftEffectsCompute.compute(769): implicit truncation of vector type
  error: 1 plat 14 at SoftEffectsCompute.compute(817): implicit truncation of vector type
 ok=0 outsize=0

Cmd: compileComputeKernel
  insize=106333 file=N:/Unity Projects/mobile/Block Escape/Assets/SoftEffects/Shaders/SoftEffectsCompute.compute kernel=CSCopyAR8 cachingPP=1 ppOnly=0 stripLineD=0 buildPlatform=9 km=<UNITY_VERSION=202119> pKW=UNITY_NO_DXT5nm UNITY_NO_RGBM UNITY_ENABLE_REFLECTION_BUFFERS UNITY_FRAMEBUFFER_FETCH_AVAILABLE UNITY_NO_SCREENSPACE_SHADOWS UNITY_PBS_USE_BRDF2 SHADER_API_MOBILE UNITY_COLORSPACE_GAMMA UNITY_LIGHTMAP_DLDR_ENCODING uKW=SHADER_STAGE_COMPUTE platform=metal flags=268439552 reqs=16385 forceDXC=0 forceFXC=0  error: 1 plat 14 at SoftEffectsCompute.compute(674): implicit truncation of vector type
  error: 1 plat 14 at SoftEffectsCompute.compute(722): implicit truncation of vector type
  error: 1 plat 14 at SoftEffectsCompute.compute(769): implicit truncation of vector type
  error: 1 plat 14 at SoftEffectsCompute.compute(817): implicit truncation of vector type
 ok=1 outsize=747

Cmd: compileComputeKernel
  insize=106333 file=N:/Unity Projects/mobile/Block Escape/Assets/SoftEffects/Shaders/SoftEffectsCompute.compute kernel=CSBoxBlurPass_AR8 cachingPP=1 ppOnly=0 stripLineD=0 buildPlatform=9 km=<UNITY_VERSION=202119> pKW=UNITY_NO_DXT5nm UNITY_NO_RGBM UNITY_ENABLE_REFLECTION_BUFFERS UNITY_FRAMEBUFFER_FETCH_AVAILABLE UNITY_NO_SCREENSPACE_SHADOWS UNITY_PBS_USE_BRDF2 SHADER_API_MOBILE UNITY_COLORSPACE_GAMMA UNITY_LIGHTMAP_DLDR_ENCODING uKW=SHADER_STAGE_COMPUTE platform=metal flags=268439552 reqs=16385 forceDXC=0 forceFXC=0  error: 1 plat 14 at SoftEffectsCompute.compute(674): implicit truncation of vector type
  error: 1 plat 14 at SoftEffectsCompute.compute(722): implicit truncation of vector type
  error: 1 plat 14 at SoftEffectsCompute.compute(769): implicit truncation of vector type
  error: 1 plat 14 at SoftEffectsCompute.compute(817): implicit truncation of vector type
 ok=1 outsize=2775

Cmd: compileComputeKernel
  insize=106333 file=N:/Unity Projects/mobile/Block Escape/Assets/SoftEffects/Shaders/SoftEffectsCompute.compute kernel=CSDistM_R8 cachingPP=1 ppOnly=0 stripLineD=0 buildPlatform=9 km=<UNITY_VERSION=202119> pKW=UNITY_NO_DXT5nm UNITY_NO_RGBM UNITY_ENABLE_REFLECTION_BUFFERS UNITY_FRAMEBUFFER_FETCH_AVAILABLE UNITY_NO_SCREENSPACE_SHADOWS UNITY_PBS_USE_BRDF2 SHADER_API_MOBILE UNITY_COLORSPACE_GAMMA UNITY_LIGHTMAP_DLDR_ENCODING uKW=SHADER_STAGE_COMPUTE platform=metal flags=268439552 reqs=16385 forceDXC=0 forceFXC=0  error: 1 plat 14 at SoftEffectsCompute.compute(674): implicit truncation of vector type
  error: 1 plat 14 at SoftEffectsCompute.compute(722): implicit truncation of vector type
  error: 1 plat 14 at SoftEffectsCompute.compute(769): implicit truncation of vector type
  error: 1 plat 14 at SoftEffectsCompute.compute(817): implicit truncation of vector type
 ok=1 outsize=2908

Cmd: compileComputeKernel
  insize=106333 file=N:/Unity Projects/mobile/Block Escape/Assets/SoftEffects/Shaders/SoftEffectsCompute.compute kernel=CSDistMEAAFloat cachingPP=1 ppOnly=0 stripLineD=0 buildPlatform=9 km=<UNITY_VERSION=202119> pKW=UNITY_NO_DXT5nm UNITY_NO_RGBM UNITY_ENABLE_REFLECTION_BUFFERS UNITY_FRAMEBUFFER_FETCH_AVAILABLE UNITY_NO_SCREENSPACE_SHADOWS UNITY_PBS_USE_BRDF2 SHADER_API_MOBILE UNITY_COLORSPACE_GAMMA UNITY_LIGHTMAP_DLDR_ENCODING uKW=SHADER_STAGE_COMPUTE platform=metal flags=268439552 reqs=16385 forceDXC=0 forceFXC=0  error: 1 plat 14 at SoftEffectsCompute.compute(674): implicit truncation of vector type
  error: 1 plat 14 at SoftEffectsCompute.compute(722): implicit truncation of vector type
  error: 1 plat 14 at SoftEffectsCompute.compute(769): implicit truncation of vector type
  error: 1 plat 14 at SoftEffectsCompute.compute(817): implicit truncation of vector type
  error: 1 plat 14 at SoftEffectsCompute.compute(3117): integer divides may be much slower, try using uints if possible.
 ok=1 outsize=7415

Cmd: compileComputeKernel
  insize=106333 file=N:/Unity Projects/mobile/Block Escape/Assets/SoftEffects/Shaders/SoftEffectsCompute.compute kernel=CSDistBufferToInnerGlowSoft_R8 cachingPP=1 ppOnly=0 stripLineD=0 buildPlatform=9 km=<UNITY_VERSION=202119> pKW=UNITY_NO_DXT5nm UNITY_NO_RGBM UNITY_ENABLE_REFLECTION_BUFFERS UNITY_FRAMEBUFFER_FETCH_AVAILABLE UNITY_NO_SCREENSPACE_SHADOWS UNITY_PBS_USE_BRDF2 SHADER_API_MOBILE UNITY_COLORSPACE_GAMMA UNITY_LIGHTMAP_DLDR_ENCODING uKW=SHADER_STAGE_COMPUTE platform=metal flags=268439552 reqs=16385 forceDXC=0 forceFXC=0  error: 1 plat 14 at SoftEffectsCompute.compute(674): implicit truncation of vector type
  error: 1 plat 14 at SoftEffectsCompute.compute(722): implicit truncation of vector type
  error: 1 plat 14 at SoftEffectsCompute.compute(769): implicit truncation of vector type
  error: 1 plat 14 at SoftEffectsCompute.compute(817): implicit truncation of vector type
 ok=1 outsize=2462

Cmd: compileComputeKernel
  insize=106333 file=N:/Unity Projects/mobile/Block Escape/Assets/SoftEffects/Shaders/SoftEffectsCompute.compute kernel=CSFill_R8 cachingPP=1 ppOnly=0 stripLineD=0 buildPlatform=9 km=<UNITY_VERSION=202119> pKW=UNITY_NO_DXT5nm UNITY_NO_RGBM UNITY_ENABLE_REFLECTION_BUFFERS UNITY_FRAMEBUFFER_FETCH_AVAILABLE UNITY_NO_SCREENSPACE_SHADOWS UNITY_PBS_USE_BRDF2 SHADER_API_MOBILE UNITY_COLORSPACE_GAMMA UNITY_LIGHTMAP_DLDR_ENCODING uKW=SHADER_STAGE_COMPUTE platform=metal flags=268439552 reqs=16385 forceDXC=0 forceFXC=0  error: 1 plat 14 at SoftEffectsCompute.compute(674): implicit truncation of vector type
  error: 1 plat 14 at SoftEffectsCompute.compute(722): implicit truncation of vector type
  error: 1 plat 14 at SoftEffectsCompute.compute(769): implicit truncation of vector type
  error: 1 plat 14 at SoftEffectsCompute.compute(817): implicit truncation of vector type
 ok=1 outsize=629

Cmd: compileComputeKernel
  insize=106333 file=N:/Unity Projects/mobile/Block Escape/Assets/SoftEffects/Shaders/SoftEffectsCompute.compute kernel=CSHorBlur_R8 cachingPP=1 ppOnly=0 stripLineD=0 buildPlatform=9 km=<UNITY_VERSION=202119> pKW=UNITY_NO_DXT5nm UNITY_NO_RGBM UNITY_ENABLE_REFLECTION_BUFFERS UNITY_FRAMEBUFFER_FETCH_AVAILABLE UNITY_NO_SCREENSPACE_SHADOWS UNITY_PBS_USE_BRDF2 SHADER_API_MOBILE UNITY_COLORSPACE_GAMMA UNITY_LIGHTMAP_DLDR_ENCODING uKW=SHADER_STAGE_COMPUTE platform=metal flags=268439552 reqs=16385 forceDXC=0 forceFXC=0  error: 1 plat 14 at SoftEffectsCompute.compute(674): implicit truncation of vector type
  error: 1 plat 14 at SoftEffectsCompute.compute(722): implicit truncation of vector type
  error: 1 plat 14 at SoftEffectsCompute.compute(769): implicit truncation of vector type
  error: 1 plat 14 at SoftEffectsCompute.compute(817): implicit truncation of vector type
 ok=1 outsize=2935

Cmd: compileComputeKernel
  insize=106333 file=N:/Unity Projects/mobile/Block Escape/Assets/SoftEffects/Shaders/SoftEffectsCompute.compute kernel=CSSepBevelCutInSmooth cachingPP=1 ppOnly=0 stripLineD=0 buildPlatform=9 km=<UNITY_VERSION=202119> pKW=UNITY_NO_DXT5nm UNITY_NO_RGBM UNITY_ENABLE_REFLECTION_BUFFERS UNITY_FRAMEBUFFER_FETCH_AVAILABLE UNITY_NO_SCREENSPACE_SHADOWS UNITY_PBS_USE_BRDF2 SHADER_API_MOBILE UNITY_COLORSPACE_GAMMA UNITY_LIGHTMAP_DLDR_ENCODING uKW=SHADER_STAGE_COMPUTE platform=metal flags=268439552 reqs=16385 forceDXC=0 forceFXC=0  error: 1 plat 14 at SoftEffectsCompute.compute(674): implicit truncation of vector type
  error: 1 plat 14 at SoftEffectsCompute.compute(722): implicit truncation of vector type
  error: 1 plat 14 at SoftEffectsCompute.compute(769): implicit truncation of vector type
  error: 1 plat 14 at SoftEffectsCompute.compute(817): implicit truncation of vector type
 ok=1 outsize=1586

Cmd: compileComputeKernel
  insize=106333 file=N:/Unity Projects/mobile/Block Escape/Assets/SoftEffects/Shaders/SoftEffectsCompute.compute kernel=CSSubstrFloatBuffers cachingPP=1 ppOnly=0 stripLineD=0 buildPlatform=9 km=<UNITY_VERSION=202119> pKW=UNITY_NO_DXT5nm UNITY_NO_RGBM UNITY_ENABLE_REFLECTION_BUFFERS UNITY_FRAMEBUFFER_FETCH_AVAILABLE UNITY_NO_SCREENSPACE_SHADOWS UNITY_PBS_USE_BRDF2 SHADER_API_MOBILE UNITY_COLORSPACE_GAMMA UNITY_LIGHTMAP_DLDR_ENCODING uKW=SHADER_STAGE_COMPUTE platform=metal flags=268439552 reqs=16385 forceDXC=0 forceFXC=0  error: 1 plat 14 at SoftEffectsCompute.compute(674): implicit truncation of vector type
  error: 1 plat 14 at SoftEffectsCompute.compute(722): implicit truncation of vector type
  error: 1 plat 14 at SoftEffectsCompute.compute(769): implicit truncation of vector type
  error: 1 plat 14 at SoftEffectsCompute.compute(817): implicit truncation of vector type
 ok=1 outsize=1161

Cmd: compileComputeKernel
  insize=106333 file=N:/Unity Projects/mobile/Block Escape/Assets/SoftEffects/Shaders/SoftEffectsCompute.compute kernel=CSFill cachingPP=1 ppOnly=0 stripLineD=0 buildPlatform=9 km=<UNITY_VERSION=202119> pKW=UNITY_NO_DXT5nm UNITY_NO_RGBM UNITY_ENABLE_REFLECTION_BUFFERS UNITY_FRAMEBUFFER_FETCH_AVAILABLE UNITY_NO_SCREENSPACE_SHADOWS UNITY_PBS_USE_BRDF2 SHADER_API_MOBILE UNITY_COLORSPACE_GAMMA UNITY_LIGHTMAP_DLDR_ENCODING uKW=SHADER_STAGE_COMPUTE platform=metal flags=268439552 reqs=16385 forceDXC=0 forceFXC=0  error: 1 plat 14 at SoftEffectsCompute.compute(674): implicit truncation of vector type
  error: 1 plat 14 at SoftEffectsCompute.compute(722): implicit truncation of vector type
  error: 1 plat 14 at SoftEffectsCompute.compute(769): implicit truncation of vector type
  error: 1 plat 14 at SoftEffectsCompute.compute(817): implicit truncation of vector type
 ok=1 outsize=618

Cmd: compileComputeKernel
  insize=106333 file=N:/Unity Projects/mobile/Block Escape/Assets/SoftEffects/Shaders/SoftEffectsCompute.compute kernel=CSFullCopy cachingPP=1 ppOnly=0 stripLineD=0 buildPlatform=9 km=<UNITY_VERSION=202119> pKW=UNITY_NO_DXT5nm UNITY_NO_RGBM UNITY_ENABLE_REFLECTION_BUFFERS UNITY_FRAMEBUFFER_FETCH_AVAILABLE UNITY_NO_SCREENSPACE_SHADOWS UNITY_PBS_USE_BRDF2 SHADER_API_MOBILE UNITY_COLORSPACE_GAMMA UNITY_LIGHTMAP_DLDR_ENCODING uKW=SHADER_STAGE_COMPUTE platform=metal flags=268439552 reqs=16385 forceDXC=0 forceFXC=0  error: 1 plat 14 at SoftEffectsCompute.compute(674): implicit truncation of vector type
  error: 1 plat 14 at SoftEffectsCompute.compute(722): implicit truncation of vector type
  error: 1 plat 14 at SoftEffectsCompute.compute(769): implicit truncation of vector type
  error: 1 plat 14 at SoftEffectsCompute.compute(817): implicit truncation of vector type
  error: 1 plat 14 at SoftEffectsCompute.compute(1961): use of potentially uninitialized variable (dir)
 ok=1 outsize=5973

Cmd: compileComputeKernel
  insize=106333 file=N:/Unity Projects/mobile/Block Escape/Assets/SoftEffects/Shaders/SoftEffectsCompute.compute kernel=CSSepBevel_R8 cachingPP=1 ppOnly=0 stripLineD=0 buildPlatform=9 km=<UNITY_VERSION=202119> pKW=UNITY_NO_DXT5nm UNITY_NO_RGBM UNITY_ENABLE_REFLECTION_BUFFERS UNITY_FRAMEBUFFER_FETCH_AVAILABLE UNITY_NO_SCREENSPACE_SHADOWS UNITY_PBS_USE_BRDF2 SHADER_API_MOBILE UNITY_COLORSPACE_GAMMA UNITY_LIGHTMAP_DLDR_ENCODING uKW=SHADER_STAGE_COMPUTE platform=metal flags=268439552 reqs=16385 forceDXC=0 forceFXC=0  error: 2 plat 14 at (0): HLSLcc: Metal shading language does not support buffer size query from shader. Pass the size to shader as const instead.

  error: 1 plat 14 at SoftEffectsCompute.compute(674): implicit truncation of vector type
  error: 1 plat 14 at SoftEffectsCompute.compute(722): implicit truncation of vector type
  error: 1 plat 14 at SoftEffectsCompute.compute(769): implicit truncation of vector type
  error: 1 plat 14 at SoftEffectsCompute.compute(817): implicit truncation of vector type
 ok=0 outsize=0

Cmd: compileSnippet
  insize=942 file=Assets/DefaultResourcesExtra/Standard pass=META cachingPP=1 ppOnly=0 stripLineD=0 buildPlatform=9 rsLen=0 pKW=UNITY_NO_DXT5nm UNITY_ENABLE_REFLECTION_BUFFERS UNITY_NO_SCREENSPACE_SHADOWS UNITY_PBS_USE_BRDF2 SHADER_API_DESKTOP UNITY_HARDWARE_TIER3 UNITY_COLORSPACE_GAMMA UNITY_LIGHTMAP_DLDR_ENCODING UNITY_PASS_META uKW=_EMISSION dKW=EDITOR_VISUALIZATION _METALLICGLOSSMAP _SMOOTHNESS_TEXTURE_ALBEDO_CHANNEL_A _DETAIL_MULX2 UNITY_ENABLE_NATIVE_SHADOW_LOOKUPS UNITY_METAL_SHADOWS_USE_POINT_FILTERING UNITY_USE_DITHER_MASK_FOR_ALPHABLENDED_SHADOWS UNITY_PBS_USE_BRDF1 UNITY_PBS_USE_BRDF3 UNITY_NO_FULL_STANDARD_SHADER UNITY_SPECCUBE_BOX_PROJECTION UNITY_SPECCUBE_BLENDING UNITY_ENABLE_DETAIL_NORMALMAP UNITY_HARDWARE_TIER1 UNITY_HARDWARE_TIER2 UNITY_LIGHT_PROBE_PROXY_VOLUME UNITY_HALF_PRECISION_FRAGMENT_SHADER_REGISTERS UNITY_LIGHTMAP_RGBM_ENCODING UNITY_LIGHTMAP_FULL_HDR UNITY_VIRTUAL_TEXTURING UNITY_PRETRANSFORM_TO_DISPLAY_ORIENTATION UNITY_ASTC_NORMALMAP_ENCODING SHADER_API_GLES30 flags=0 lang=0 type=Fragment platform=d3d11 reqs=33 mask=6 start=207 ok=1 outsize=1286

Cmd: compileSnippet
  insize=5800 file=Assets/TextMesh Pro/Shaders/TextMeshPro/Mobile/Distance Field pass=<Unnamed Pass> cachingPP=1 ppOnly=0 stripLineD=0 buildPlatform=9 rsLen=0 pKW=UNITY_NO_DXT5nm UNITY_ENABLE_REFLECTION_BUFFERS UNITY_NO_SCREENSPACE_SHADOWS UNITY_PBS_USE_BRDF2 SHADER_API_DESKTOP UNITY_HARDWARE_TIER3 UNITY_COLORSPACE_GAMMA UNITY_LIGHTMAP_DLDR_ENCODING uKW=OUTLINE_ON dKW=UNDERLAY_ON UNDERLAY_INNER UNITY_UI_CLIP_RECT UNITY_UI_ALPHACLIP UNITY_ENABLE_NATIVE_SHADOW_LOOKUPS UNITY_METAL_SHADOWS_USE_POINT_FILTERING UNITY_USE_DITHER_MASK_FOR_ALPHABLENDED_SHADOWS UNITY_PBS_USE_BRDF1 UNITY_PBS_USE_BRDF3 UNITY_NO_FULL_STANDARD_SHADER UNITY_SPECCUBE_BOX_PROJECTION UNITY_SPECCUBE_BLENDING UNITY_ENABLE_DETAIL_NORMALMAP UNITY_HARDWARE_TIER1 UNITY_HARDWARE_TIER2 UNITY_LIGHT_PROBE_PROXY_VOLUME UNITY_HALF_PRECISION_FRAGMENT_SHADER_REGISTERS UNITY_LIGHTMAP_RGBM_ENCODING UNITY_LIGHTMAP_FULL_HDR UNITY_VIRTUAL_TEXTURING UNITY_PRETRANSFORM_TO_DISPLAY_ORIENTATION UNITY_ASTC_NORMALMAP_ENCODING SHADER_API_GLES30 flags=0 lang=0 type=Vertex platform=d3d11 reqs=33 mask=6 start=83 ok=1 outsize=3130

Cmd: compileSnippet
  insize=1647 file=Assets/DefaultResourcesExtra/Standard pass=FORWARD cachingPP=1 ppOnly=0 stripLineD=0 buildPlatform=9 rsLen=0 pKW=UNITY_NO_DXT5nm UNITY_ENABLE_REFLECTION_BUFFERS UNITY_NO_SCREENSPACE_SHADOWS UNITY_PBS_USE_BRDF2 SHADER_API_DESKTOP UNITY_HARDWARE_TIER3 UNITY_COLORSPACE_GAMMA UNITY_LIGHTMAP_DLDR_ENCODING UNITY_PASS_FORWARDBASE uKW=DIRECTIONAL _ALPHABLEND_ON dKW=_EMISSION FOG_LINEAR FOG_EXP FOG_EXP2 INSTANCING_ON _NORMALMAP _ALPHATEST_ON _ALPHAPREMULTIPLY_ON _METALLICGLOSSMAP _DETAIL_MULX2 _SMOOTHNESS_TEXTURE_ALBEDO_CHANNEL_A _SPECULARHIGHLIGHTS_OFF _GLOSSYREFLECTIONS_OFF _PARALLAXMAP LIGHTPROBE_SH SHADOWS_SHADOWMASK DYNAMICLIGHTMAP_ON LIGHTMAP_ON LIGHTMAP_SHADOW_MIXING DIRLIGHTMAP_COMBINED SHADOWS_SCREEN UNITY_ENABLE_NATIVE_SHADOW_LOOKUPS UNITY_METAL_SHADOWS_USE_POINT_FILTERING UNITY_USE_DITHER_MASK_FOR_ALPHABLENDED_SHADOWS UNITY_PBS_USE_BRDF1 UNITY_PBS_USE_BRDF3 UNITY_NO_FULL_STANDARD_SHADER UNITY_SPECCUBE_BOX_PROJECTION UNITY_SPECCUBE_BLENDING UNITY_ENABLE_DETAIL_NORMALMAP UNITY_HARDWARE_TIER1 UNITY_HARDWARE_TIER2 UNITY_LIGHT_PROBE_PROXY_VOLUME UNITY_HALF_PRECISION_FRAGMENT_SHADER_REGISTERS UNITY_LIGHTMAP_RGBM_ENCODING UNITY_LIGHTMAP_FULL_HDR UNITY_VIRTUAL_TEXTURING UNITY_PRETRANSFORM_TO_DISPLAY_ORIENTATION UNITY_ASTC_NORMALMAP_ENCODING SHADER_API_GLES30 flags=0 lang=0 type=Fragment platform=d3d11 reqs=227 mask=6 start=68 ok=1 outsize=2510

Cmd: compileSnippet
  insize=731 file=Assets/DefaultResourcesExtra/Sprites/Default pass=<Unnamed Pass> cachingPP=1 ppOnly=0 stripLineD=0 buildPlatform=9 rsLen=0 pKW=UNITY_NO_DXT5nm UNITY_ENABLE_REFLECTION_BUFFERS UNITY_NO_SCREENSPACE_SHADOWS UNITY_PBS_USE_BRDF2 SHADER_API_DESKTOP UNITY_HARDWARE_TIER3 UNITY_COLORSPACE_GAMMA UNITY_LIGHTMAP_DLDR_ENCODING uKW=ETC1_EXTERNAL_ALPHA dKW=INSTANCING_ON PIXELSNAP_ON UNITY_ENABLE_NATIVE_SHADOW_LOOKUPS UNITY_METAL_SHADOWS_USE_POINT_FILTERING UNITY_USE_DITHER_MASK_FOR_ALPHABLENDED_SHADOWS UNITY_PBS_USE_BRDF1 UNITY_PBS_USE_BRDF3 UNITY_NO_FULL_STANDARD_SHADER UNITY_SPECCUBE_BOX_PROJECTION UNITY_SPECCUBE_BLENDING UNITY_ENABLE_DETAIL_NORMALMAP UNITY_HARDWARE_TIER1 UNITY_HARDWARE_TIER2 UNITY_LIGHT_PROBE_PROXY_VOLUME UNITY_HALF_PRECISION_FRAGMENT_SHADER_REGISTERS UNITY_LIGHTMAP_RGBM_ENCODING UNITY_LIGHTMAP_FULL_HDR UNITY_VIRTUAL_TEXTURING UNITY_PRETRANSFORM_TO_DISPLAY_ORIENTATION UNITY_ASTC_NORMALMAP_ENCODING SHADER_API_GLES30 flags=0 lang=0 type=Fragment platform=d3d11 reqs=1 mask=6 start=32 ok=1 outsize=606

Cmd: compileSnippet
  insize=3093 file=Assets/SoftEffects/Shaders/SoftEffects/SoftEditShader pass=Shadow Pass cachingPP=1 ppOnly=0 stripLineD=0 buildPlatform=9 rsLen=0 pKW=UNITY_NO_DXT5nm UNITY_ENABLE_REFLECTION_BUFFERS UNITY_NO_SCREENSPACE_SHADOWS UNITY_PBS_USE_BRDF2 SHADER_API_DESKTOP UNITY_HARDWARE_TIER3 UNITY_COLORSPACE_GAMMA UNITY_LIGHTMAP_DLDR_ENCODING uKW=ETC1_EXTERNAL_ALPHA _SHAD_ON dKW=PIXELSNAP_ON _SHAD_OFF INSTANCING_ON UNITY_ENABLE_NATIVE_SHADOW_LOOKUPS UNITY_METAL_SHADOWS_USE_POINT_FILTERING UNITY_USE_DITHER_MASK_FOR_ALPHABLENDED_SHADOWS UNITY_PBS_USE_BRDF1 UNITY_PBS_USE_BRDF3 UNITY_NO_FULL_STANDARD_SHADER UNITY_SPECCUBE_BOX_PROJECTION UNITY_SPECCUBE_BLENDING UNITY_ENABLE_DETAIL_NORMALMAP UNITY_HARDWARE_TIER1 UNITY_HARDWARE_TIER2 UNITY_LIGHT_PROBE_PROXY_VOLUME UNITY_HALF_PRECISION_FRAGMENT_SHADER_REGISTERS UNITY_LIGHTMAP_RGBM_ENCODING UNITY_LIGHTMAP_FULL_HDR UNITY_VIRTUAL_TEXTURING UNITY_PRETRANSFORM_TO_DISPLAY_ORIENTATION UNITY_ASTC_NORMALMAP_ENCODING SHADER_API_GLES30 flags=0 lang=0 type=Fragment platform=d3d11 reqs=1 mask=6 start=57 ok=1 outsize=686

Cmd: shutdown
